468256
825771
1497155
544574
1742137
987093
449649
0
297024
442850
1796703
2407516
701104
1265148
1295083
1461879
1120271
951453
641720
1540290
1558252
2252805
439139
1039185
1749470
736708
2329198
200820
2032566
355260
468956
1143302
3416139
625413
67375
1377603
0
2501343
1576969
1329654
889036
106002
540010
678459
481500
2311123
1503918
0
1969244
574551
2194975
972586
1164887
877000
6069
600000
975199
903912
818642
550792
2117227
705303
169974
985652
2238916
0
2098655
2877221
1732472
0
1285895
640910
0
982128
873393
1154297
932655
102428
1023939
1770526
1277896
983966
901051
1092414
488631
1634094
1076374
361130
0
1158287
751680
2241011
1510236
2042668
712936
1728753
3303385
628091
808430
725738
