14365507
1749470
2329198
15020840
18079164
1719823
12588262
10887609
2501343
8825441
932655
18261518
6069
3537596
678459
13965961
12946953
5218404
705303
751680
1742137
13814688
16128347
13227162
5285431
4103444
13107917
1120271
1076374
0
222777
701104
640910
1158287
2311123
2877221
2515972
2042668
21586487
889036
1770526
903912
468956
2252805
15855940
20715620
987093
49000000
1092414
1461879
9324055
736708
574551
7153629
877000
8119273
1277896
12341010
297024
10773991
1732472
12780165
200820
1377603
972586
439139
1969244
12080149
18759979
18540343
19421154
14522662
1607592
725738
361130
13720821
16047154
1143302
18420790
9661333
15446357
11785402
2032566
1023939
102428
12255433
9330354
9904188
1285895
19300758
14337696
873393
13132120
2117227
712936
355260
22789164
13354786
13798566
67375
6957899
11843742
14196288
11099779
13340072
4810641
13199657
18516363
12620813
2238916
11254334
625413
982128
540010
13398249
901051
1558252
14716312
1540290
14742893
0
12551015
449649
2241011
0
975199
1329654
12139606
488631
1728753
985652
1154297
16509927
2702209
1497155
15909911
468256
8934531
1796703
2098655
818642
628091
12521258
1576969
13962002
16696396
12287775
1295083
0
1503918
6434753
14613556
13419860
0
5711126
17401495
11404819
0
9562724
13188824
14161317
14965507
16285265
1634094
13185525
12484892
0
442850
15855208
10470396
17513449
20453720
1164887
825771
13163196
15089047
600000
481500
550792
8743934
3819652
544574
1510236
0
1039185
808430
951453
983966
23013771
3416139
169974
641720
3303385
106002
2194975
8968648
2548913
2407516
12968578
1265148
