6217175
0
1120271
18838205
15855940
18079164
14742893
16896717
6069
2877221
987093
26627523
12137378
0
1295083
8825441
4103444
932655
1497155
975199
12725295
2572676
29929632
30918015
985652
27747817
14337696
640910
825771
1749470
20715620
35321361
1503918
7547280
19045565
13340072
14365507
18420790
2252805
5711126
544574
903912
13132120
468256
102428
13965961
6434753
13720821
13227162
8743934
0
31948328
641720
25310402
10887609
19688519
31904813
30769395
2032566
1558252
951453
2501343
13809509
0
16538415
26774627
2194975
13798566
14716312
24567423
0
2515972
1510236
701104
736708
625413
22346161
725738
9229222
1076374
13354786
488631
28824924
873393
705303
12341010
2117227
18759979
751680
29458406
20356163
16696396
361130
11785402
17750147
889036
19300758
2548913
1092414
21471759
12478580
22358655
2407516
8968648
2241011
26957196
9904188
23525102
3416139
14695956
5312454
901051
19784525
11404819
449649
12521258
12287775
550792
45000000
16179592
222777
972586
19357713
11843742
27950727
30832999
808430
468956
15909911
23013771
8934531
21463706
13107917
12255433
17157449
20290267
678459
15446357
2329198
17401495
0
10234170
34053356
4413448
9780583
29605309
7664573
14522662
26303770
1451748
20767876
232301
17039002
1540290
0
1023939
20453720
18516363
15991105
1607592
11254334
1770526
14965507
16053530
21119180
49000000
15089047
1634094
818642
169974
1158287
6739258
1285895
540010
1143302
20867845
1277896
15020840
442850
16047154
18540343
15794635
23005097
13424338
22789164
2702209
25879246
14161317
26184037
9330354
21586487
29006609
17513449
13814688
5218404
20870052
712936
12484892
21826540
16509927
15855208
8119273
7486665
7153629
23185707
9661333
12551015
1742137
1969244
19421154
0
12139606
877000
11631391
3819652
24376353
10470396
13419860
628091
106002
13962002
1576969
13188824
3431884
5338258
14196288
10773991
10778992
25525720
33654033
12968578
1461879
1377603
1732472
22823334
19305448
20459970
3303385
1719823
18261518
13199657
6957899
439139
0
39034195
22954736
1265148
67375
297024
34057705
19195286
355260
12946953
1402352
1796703
12588262
13163196
3537596
12780165
2098655
1329654
10665644
15527669
13185525
7525877
3193742
5285431
47745000
14613556
22945940
28296914
982128
16139046
200820
9562724
2311123
9324055
1728753
2238916
13398249
16285265
8503409
718560
4810641
18184409
600000
12620813
481500
1154297
16128347
1164887
1039185
2042668
2924582
12080149
11099779
983966
574551
12900032
4938356
