3 5 3 5 3 5 3 5 2 3 5 3 5 3 5 3 5 18 3 0 2 15 12 2 4 2 12 2 19 0 18 0 19 4 18 2 12 2 18 4 5 8 4 10 18 4 8 14 3 14
28 2 23 2 31 2 31 2 23 2 11
1 22 1 12 13 4 27 4 27 4 2 27 4 27 2 13 19 28 13
15 0 8 1 12 8 1 12 1 12 1 8 1 12 8 12 8 1 12 1 8 12 8 5
8 5 35 5 35 5 35 5 13 41 5 38 5 30 21 15 30 5 25 36 25
5 3 5 3 5 3 5 3 5 14 25 14 5 14 2 5 3 5 4 25 14 5 25 5 14 5 3 25 4 14 4 25 3 25 14 5 14 3 5 20 25 5
3 5 20 14 2 1 7 15 20 0 1 8 1 8 2 1 6 0 4 0 4 12 0 10 0 10 0 6
5 0 5 0 5 0 11 12 2 24
11 8 26 9 5 13 3 23 4 9 3 4 18 3 5
5 2 10 2 10 18 1 0 1 8 0 1 4 0
17 9 30 18 30 18 1 9 1 8 11 9 11 9 3 11 21 4
0 2 17 8 2 1 2 4 2 1 5 1 5
2 16 2 16 2 5 14 2 0 5 0 12
7 11 8 6 8 11 8 7 6 9 6 7 11 7 16 7 10 11
8 0 21 19 17 0 8 13 19 25 11 1 2
3 6 3 28 3 1 6 1 3 1 3
5 24 9 24 13 5 0 5 0 10 0
9 25 8 32 12 8 5 8 21 32 8 32 8 32 8 21 8 32 4
6 22 0 31 2 30 2 4 22 2 22 2 31 15 31 5 19 10 1 5 23 28 15 29 21 0 29 21
6 2 15 12 15 8 2 18 2 12 2 11
9 12 30 18 33 15 33 30 12 33 34 9 5 0 9
0 27 7 24 3 24 15 24 15 24 15 3 24 3 24 3 24 19 0 16 3 25 16 14 6 25 15 6
12 17 12 29 12 3 29 12 5 30 5 11 23 30 23 19 29 19 21 12 21 12 21 12 14 12 29 14 23 19 3 12 5 12 3 1 30 23 11 23 17 12 11
9 30 24 2 0 18 24 2 0 30 0 19 0 2 25
16 10 6 28 26 28 26 28 26 28 6 10 30 10 26 14 38 22 20 39 20 22 20 39 20 0 25 0 22 20 22 31 0 22 7 31 2
5 2 4 2 30 2 8 2 19 32 19
2 13 4 2 24 8 26 8 26 11 3 13 23 6 13 26 13 6 13 6 27 19
22 3 29 3 22 29 3 29 16 3
8 11 15 8 10 2 15 11 24 16 10 8 11 15 2 11
0 15 0 9 0 9 16 9 0 27 0 16 0 9 16 9 0 27 0 27 0 27 0 15 9 0 9 0 9 16 0 16 25 11 28 0 2 17 22 0 2
14 20 11 14 11 10 11 26 25 0 15 11 14 26 3 0 5 28 5 6 0 15 0 15 6 28 6 15 6 0 6 0 6 2 0 24 15 6 15 6 2 0 28 0 1 11 1 14 15 0 15 14 6 28 5 0 26 0 26 28 2 0 28 0 3 28 1 28 11 1 14 11 14 12 20 10 14 20 12 11 12 11 26 15 14 16 5 18
9 7 22 11 32 12 19 6 0 6 3 6 3 11 25 16 25 16 25 16 25 16 25 19 16 25 16 25 19 16
17 1 2 18 9 17 3 7 8 1 8 0 18 0 2 0 9 2 8 2 19 2 8 6 9 6 9 6 9 6 9 6 9 6 9 6 8 2 19 2 1 0 8 18
22 6 28 6 28 6 32 30 31 32 6 13 31 13 8 31 2 28 2 25 2 22 2 25 2 31 35 5 3 5 8 1 32 1
7 3 10 11 3 2 4 3 4 2 4 3 4 3 16 8 1 8 7 1 7 1
3 5 6 1 6 3 6 1 6 5 1 3 1 3 1 3 13 5 13 5 3 5 3 8 1 22 2 22 2 25 4 2 25 22 5 25 5 22 8 4 2 13 7 13 4 13 7 4 13 2 13 1 3 8 1
26 2 14 2 14 2 14 2 14 2 14 2 14 2 14 2 14 2 5 2 14 2 14 2 14 2 14 2 26 14 18 16 18 14
12 5 2 13 21 7 2 0 2 11 3 6 12 6 12 9 2 19 9 6 12 9 19 2 19 12 2 12 2 12 2 6 12 2 19
8 30 33 22 17 5 10 41 28 9 8 9 28 17 29 9 29 17 29 4
8 14 19 9 12 9 3 5 3 9 3 11 18 1 14 9 3 9 12 18 9 18 14 12 11 9 14
2 32 10 2 0 31 28 8 2 32 10 8 10 1 14 1 4 17 2 17 15 32 3 2 32 14 2 17 14 2 17 14 24
10 26 1 3 14 17 1 14 3 1 20 3 1 11 1 14 6 14 6 11 6 1 6 14 6 11 0 11 16 6 0 6 26 6 14 6 26 16 6 16 6
2 24 3 24 2 3 24 3 2 3 2 3 2 24 3 11 0 6 12 24 12 7 4 25 4 25 14 24 25 9 7 9 25 13 25 7
31 2 11 9 18 16 2 9 11 2 4 2 31 2 23 2 4 2 31 28 4 2 28
38 4 5 37 1 25 36 5 20 1 5 20 1 37 38 25 37 5 25 37 5 37 36 28 36 28 36 28 36 25 36 13 36 25 38
28 32 28 32 28 32 28 32 28 32 28 32 28 32 28 32 28 32 28 32 28 32 28 32 28 32 28 32 28 32 28 32 28 32 28 32 28 32 28 32 28 32 28 32 28 32 28 32 28 32 28 32 28 32 28 32 28 32 28 32 28 32 28 32 28 32 28 32 28 32 28 32 28 32 28 32 28 32 28 32 28 32 28 32 28 32 28 32 28 32 28 32 28 32 28 32 28 32 28 32
6 23 15 1 11 10 8 10 8 6 8 14 6 13 3 13 6 14 13 11 6 25 2 13 25 13 2 6 14 15 8 1 6 1 2 22 2 5 2 21 2
4 18 14 2 1 7 2 7 6 18 8 10 7 20 7 20 18 20 9 10 18 7 6 2 1 2 17 1 2 1 17 1 2 1 17
16 1 16 26 21 12 16 14 5 2 13 3 13 3 2 3 2 3
33 12 11 12 19 33 14 4 19 4 33 4 33 4 0 19 33 4 12 4 0 12 4 11 29 20 22 20 11 4 20 4 20 4 11 4 0 10 2 26 2 9 2
