Case #1: 1 0
Case #2: 1 0
Case #3: 1 1
Case #4: 0 0
Case #5: 500 499
Case #6: 1 0
Case #7: 0 0
Case #8: 0 0
Case #9: 0 0
Case #10: 0 0
Case #11: 0 0
Case #12: 1 1
Case #13: 1 0
Case #14: 3 2
Case #15: 0 0
Case #16: 1 1
Case #17: 0 0
Case #18: 2 1
Case #19: 0 -1
Case #20: 1 1
Case #21: 1 0
Case #22: 1 1
Case #23: 0 0
Case #24: 0 0
Case #25: 0 0
Case #26: 3 2
Case #27: 0 0
Case #28: 0 0
Case #29: 1 0
Case #30: 0 0
Case #31: 0 0
Case #32: 0 0
Case #33: 3 3
Case #34: 0 0
Case #35: 0 0
Case #36: 1 0
Case #37: 0 0
Case #38: 0 0
Case #39: 0 0
Case #40: 3 2
Case #41: 1 0
Case #42: 3 3
Case #43: 0 0
Case #44: 250 249
Case #45: 1 1
Case #46: 1 0
Case #47: 1 0
Case #48: 0 0
Case #49: 1 0
Case #50: 7 6
Case #51: 1 0
Case #52: 0 0
Case #53: 0 0
Case #54: 1 0
Case #55: 249 249
Case #56: 125 124
Case #57: 0 0
Case #58: 0 0
Case #59: 0 0
Case #60: 1 0
Case #61: 3 2
Case #62: 0 0
Case #63: 0 0
Case #64: 1 0
Case #65: 0 0
Case #66: 0 0
Case #67: 0 0
Case #68: 1 0
Case #69: 0 0
Case #70: 250 249
Case #71: 0 0
Case #72: 499 498
Case #73: 0 0
Case #74: 1 1
Case #75: 7 6
Case #76: 2 1
Case #77: 0 0
Case #78: 1 0
Case #79: 0 0
Case #80: 0 0
Case #81: 1 0
Case #82: 1 0
Case #83: 3 3
Case #84: 0 0
Case #85: 1 1
Case #86: 0 0
Case #87: 0 0
Case #88: 0 0
Case #89: 1 1
Case #90: 0 0
Case #91: 0 0
Case #92: 3 3
Case #93: 0 0
Case #94: 0 0
Case #95: 1 1
Case #96: 0 0
Case #97: 1 0
Case #98: 0 0
Case #99: 1 0
Case #100: 0 0
