Case #1: 1 0
Case #2: 1 0
Case #3: 1 1
Case #4: 0 0
Case #5: 500 499
Case #6: 0 0
Case #7: 0 0
Case #8: 1 0
Case #9: 1 1
Case #10: 0 0
Case #11: 0 0
Case #12: 0 0
Case #13: 0 0
Case #14: 0 0
Case #15: 0 0
Case #16: 3 2
Case #17: 249999 249999
Case #18: 1 0
Case #19: 0 0
Case #20: 0 0
Case #21: 1 0
Case #22: 0 0
Case #23: 1 0
Case #24: 1 1
Case #25: 0 0
Case #26: 0 0
Case #27: 0 0
Case #28: 0 0
Case #29: 1 0
Case #30: 0 0
Case #31: 1 1
Case #32: 7812 7811
Case #33: 1 0
Case #34: 1 1
Case #35: 0 0
Case #36: 1 0
Case #37: 0 0
Case #38: 1 0
Case #39: 0 0
Case #40: 0 0
Case #41: 0 0
Case #42: 0 0
Case #43: 0 0
Case #44: 0 0
Case #45: 3906 3905
Case #46: 0 0
Case #47: 1 0
Case #48: 0 0
Case #49: 250000 249999
Case #50: 0 0
Case #51: 3 2
Case #52: 1953 1952
Case #53: 0 0
Case #54: 3905 3905
Case #55: 0 0
Case #56: 1 0
Case #57: 0 0
Case #58: 250000 249999
Case #59: 7812 7811
Case #60: 3906 3905
Case #61: 500000 499999
Case #62: 0 0
Case #63: 1 0
Case #64: 125000 124999
Case #65: 0 0
Case #66: 0 0
Case #67: 1 0
Case #68: 0 0
Case #69: 1 0
Case #70: 0 0
Case #71: 2 2
Case #72: 0 0
Case #73: 0 0
Case #74: 1 1
Case #75: 1 0
Case #76: 1 0
Case #77: 0 0
Case #78: 499999 499999
Case #79: 1 0
Case #80: 1 1
Case #81: 1 1
Case #82: 1 0
Case #83: 0 0
Case #84: 3 2
Case #85: 0 0
Case #86: 1 0
Case #87: 0 0
Case #88: 0 0
Case #89: 2 1
Case #90: 0 0
Case #91: 0 0
Case #92: 1 1
Case #93: 0 0
Case #94: 0 0
Case #95: 1 1
Case #96: 0 0
Case #97: 0 0
Case #98: 1 0
Case #99: 0 0
Case #100: 1 1
