Case #1: 1 0
Case #2: 1 0
Case #3: 1 1
Case #4: 0 0
Case #5: 500 499
Case #6: 0 0
Case #7: 1 0
Case #8: 1 0
Case #9: 3 3
Case #10: 0 0
Case #11: 1 1
Case #12: 1 0
Case #13: 3 2
Case #14: 0 0
Case #15: 3 2
Case #16: 1 1
Case #17: 0 0
Case #18: 125 124
Case #19: 250 249
Case #20: 1 1
Case #21: 3 3
Case #22: 0 0
Case #23: 1 0
Case #24: 0 0
Case #25: 0 0
Case #26: 0 0
Case #27: 1 0
Case #28: 6 6
Case #29: 0 0
Case #30: 1 1
Case #31: 0 0
Case #32: 3 2
Case #33: 1 1
Case #34: 0 0
Case #35: 0 0
Case #36: 1 1
Case #37: 0 0
Case #38: 1 0
Case #39: 7 6
Case #40: 1 0
Case #41: 0 0
Case #42: 0 0
Case #43: 2 2
Case #44: 0 0
Case #45: 0 0
Case #46: 0 0
Case #47: 1 0
Case #48: 0 0
Case #49: 0 0
Case #50: 0 0
Case #51: 0 0
Case #52: 0 0
Case #53: 0 0
Case #54: 1 0
Case #55: 0 0
Case #56: 1 1
Case #57: 0 0
Case #58: 0 0
Case #59: 3 2
Case #60: 0 0
Case #61: 0 0
Case #62: 1 0
Case #63: 0 0
Case #64: 0 0
Case #65: 7 6
Case #66: 1 0
Case #67: 0 0
Case #68: 1 0
Case #69: 0 0
Case #70: 1 0
Case #71: 1 0
Case #72: 0 0
Case #73: 0 0
Case #74: 0 0
Case #75: 0 0
Case #76: 0 0
Case #77: 3 3
Case #78: 499 499
Case #79: 0 0
Case #80: 249 249
Case #81: 1 1
Case #82: 1 1
Case #83: 0 0
Case #84: 1 0
Case #85: 2 1
Case #86: 1 0
Case #87: 0 0
Case #88: 1 0
Case #89: 0 0
Case #90: 1 1
Case #91: 1 0
Case #92: 0 0
Case #93: 0 0
Case #94: 1 0
Case #95: 250 249
Case #96: 0 0
Case #97: 0 0
Case #98: 0 0
Case #99: 0 0
Case #100: 0 0
