Case #1:
1000011000000001 3 2 5 2 3 2 443 2 7
1000011000000111 3 2 3 2 3 2 5 2 3
1000011000001101 3 2 3 2 3 2 107 2 3
1000011000010011 3 2 3 2 3 2 23 2 3
1000011000010101 5 2 3 2 3 2 3 2 3
1000011000011001 3 2 3 2 3 2 4871 2 3
1000011000100011 23 2 3 2 3 2 167 2 3
1000011000100101 3 2 3 2 3 2 5 2 3
1000011000101001 5 2 3 2 3 2 617 2 3
1000011000110001 3 2 3 2 3 2 269 2 3
1000011000110111 3 2 5 2 3 2 7 2 7
1000011000111101 3 2 5 2 3 2 7 2 12923
1000011001000011 3 2 3 2 3 2 5 2 3
1000011001000101 37 2 3 2 3 2 3 2 3
1000011001001001 3 2 3 2 3 2 563 2 3
1000011001001111 3 2 5 2 3 2 7 2 863
1000011001010001 5 2 3 2 3 2 3 2 3
1000011001011011 3 2 5 2 3 2 7 2 7
1000011001100001 3 2 3 2 3 2 5 2 3
1000011001101101 3 2 5 2 3 2 7 2 7
1000011001110011 3 2 5 2 3 2 7 2 149
1000011001111001 3 2 5 2 3 2 7 2 67
1000011001111111 3 2 5 2 3 2 5 2 7
1000011010000011 5 2 3 2 3 2 199 2 3
1000011010000101 3 2 3 2 3 2 37 2 3
1000011010001001 11 2 3 2 3 2 21269 2 3
1000011010001111 7 2 23 2 3 2 7 2 7
1000011010010111 3 2 5 2 3 2 7 2 89
1000011010011101 3 2 5 2 3 2 7 2 127
1000011010101011 5 2 17 2 3 2 3 2 59
1000011010101101 23 2 83 2 3 2 7 2 23
1000011010110101 3 2 5 2 3 2 7 2 7
1000011010111111 5 2 11 2 3 2 17 2 67
1000011011000111 3 2 5 2 3 2 7 2 191
1000011011010101 7 2 29 2 3 2 3 2 311
1000011011011001 3 2 5 2 3 2 7 2 7
1000011011011111 3 2 5 2 3 2 53 2 727
1000011011100011 7 2 379 2 3 2 5 2 13
1000011011100101 3 2 5 2 3 2 7 2 29
1000011011110001 3 2 5 2 3 2 7 2 41
1000011011110111 3 2 5 2 3 2 5 2 23
1000011011111011 5 2 17 2 3 2 5867 2 47
1000011011111101 3 2 5 2 3 2 313 2 7
1000011100000011 3 2 3 2 3 2 11 2 3
1000011100000101 5 2 3 2 3 2 3 2 3
1000011100001001 3 2 3 2 3 2 23 2 3
1000011100001111 3 2 5 2 3 2 7 2 19
1000011100010001 71 2 3 2 3 2 3 2 3
1000011100011011 3 2 5 2 3 2 5 2 2693
1000011100100001 3 2 3 2 3 2 787 2 3
