Case #1: 3 
Case #2: 1 
Case #3: IMPOSSIBLE
Case #4: 1 2 
Case #5: 2 7 
Case #6: 77794143773 39908395755101 79738997366429 119569598977757 159400200589085 199230802200413 239061403811741 278892005423069 313742585000001 
Case #7: 83385908498332841 
Case #8: 11252971013 4152346303493 8293439635973 12434532968453 16575626300933 20716719633366 
Case #9: IMPOSSIBLE
Case #10: 1 
Case #11: 2 12 
Case #12: 102030405060709 91011121314151618 181920212223242527 272829303132333436 363738394041424345 454647484950515254 545556575859606163 636465666768697072 727374757677787981 818283848586878890 909192939495969799 990000000000000001 
Case #13: IMPOSSIBLE
Case #14: IMPOSSIBLE
Case #15: 12345678900000001 
Case #16: 1 2 3 
Case #17: 72411 14554436 29036461 43518486 58000511 72482536 86964561 101446586 113030441 
Case #18: 871732 86301419 159468751 
Case #19: 1 
Case #20: 3 
Case #21: IMPOSSIBLE
Case #22: 1 
Case #23: 2 204 406 608 810 1012 1214 1416 1618 1820 2022 2224 2426 2628 2830 3032 3234 3436 3638 3840 4042 4244 4446 4648 4850 5052 5254 5456 5658 5860 6062 6264 6466 6668 6870 7072 7274 7476 7678 7880 8082 8284 8486 8688 8890 9092 9294 9496 9698 9900 
Case #24: 334963151717 220070790677477 439806618203237 659542445728997 879278273254757 1099014100780517 1318749928306277 1538485755832037 1758221583357797 1977957410883557 2197689250745776 
Case #25: 30399297484750849 
Case #26: 9704970304 6667314598211 13324924226118 19982533854025 26640143481932 33297753109839 39955362737746 46612972365653 53270581993560 59928191621467 66585801249374 73243410877281 79901020505188 86558630133095 92265054641299 
Case #27: 2 7 
Case #28: IMPOSSIBLE
Case #29: IMPOSSIBLE
Case #30: 1120876 
Case #31: 1 
Case #32: 95118413940405 83989559509376805 167884000604813205 251778441700249605 335672882795686005 419567323891122405 503461764986558805 587356206081995205 671250647177431605 755145088272868005 839039529368304405 
Case #33: IMPOSSIBLE
Case #34: IMPOSSIBLE
Case #35: 20948517275446 9447781291225796 18874614065176146 28301446839126496 37728279608497681 
Case #36: IMPOSSIBLE
Case #37: 1 
Case #38: 204613708997 73865548947638 147526484186279 221187419424920 294848351765391 
Case #39: 143266045688 81518379995968 162893493946248 244268607896528 325643721846808 407018835797088 488393949747368 569769063697648 651144177647928 
Case #40: 1 
Case #41: IMPOSSIBLE
Case #42: 7599824371187713 
Case #43: 144115188075855873 
Case #44: 1 2 3 4 
Case #45: 6 
Case #46: IMPOSSIBLE
Case #47: 623749 57384866 
Case #48: IMPOSSIBLE
Case #49: 16 
Case #50: IMPOSSIBLE
Case #51: 320255973501902 67272519433846785 
Case #52: IMPOSSIBLE
Case #53: 1 
Case #54: 33 2826 5619 8412 11205 13998 16791 19584 22377 25170 
Case #55: IMPOSSIBLE
Case #56: 9007199254740993 
Case #57: 103 30406 60709 91012 121315 151618 181921 212224 242527 272830 303133 333436 363739 394042 424345 454648 484951 515254 545557 575860 606163 636466 666769 697072 727375 757678 787981 818284 848587 878890 909193 939496 969799 990001 
Case #58: 4289136 1136620812 2268952488 3401284164 4533615840 5665947516 6798279192 7930517626 
Case #59: IMPOSSIBLE
Case #60: 4289136 1136620812 2268952488 3401284164 4533615840 5665947516 6798279192 7930517626 
Case #61: 7 49 
Case #62: 36028797018963969 
Case #63: IMPOSSIBLE
Case #64: IMPOSSIBLE
Case #65: 1 2 3 4 5 6 7 8 9 10 11 12 13 14 15 16 17 18 19 20 21 
Case #66: 1235 56790 
Case #67: 172349769889 60667119000658 121161888231427 181656657462196 242151321600001 
Case #68: IMPOSSIBLE
Case #69: IMPOSSIBLE
Case #70: IMPOSSIBLE
Case #71: 1 2 3 4 5 6 7 8 9 10 11 12 13 14 15 16 17 18 19 20 21 22 23 24 25 26 27 28 29 30 31 32 33 34 35 36 37 38 39 40 41 42 43 44 45 46 
Case #72: 1 
Case #73: 268822560488 170164680788336 340060539016184 509956397244032 679852255471880 849748113699728 1019643971927576 1189539830155424 1359435688383272 1529331546611120 
Case #74: IMPOSSIBLE
Case #75: 7601158 2333555236 4659509314 6985463392 9311417470 11637371548 13963325626 16289279704 18615231025 
Case #76: 1 2 3 4 5 6 7 8 9 10 11 12 13 14 15 16 17 18 19 20 21 22 23 24 25 26 27 28 29 30 31 32 33 34 35 36 37 38 39 40 41 42 43 44 45 46 47 48 49 50 51 52 53 54 55 56 57 58 59 60 61 62 63 64 65 66 67 68 69 70 71 72 73 74 75 76 77 78 79 80 81 82 83 84 85 86 87 88 89 90 91 92 93 94 95 96 97 98 99 100 
Case #77: 5 
Case #78: 15473896 2831722835 5647971774 8464220686 
Case #79: IMPOSSIBLE
Case #80: 378906251 
Case #81: IMPOSSIBLE
Case #82: IMPOSSIBLE
Case #83: 55576742002714 28399715163386444 56743853584770174 85087992006153904 113432130427537634 141721740336889857 
Case #84: 8193 
Case #85: 6564 2080488 4154412 6228336 8302260 10376184 12450108 14524032 16597956 18671880 20745804 22819728 24893652 26967576 29041500 31115424 33189348 35263272 37337196 39411120 
Case #86: 850415971613 653969882169693 1307089348367773 1960208814565853 2613328280763933 3266447746962013 3919567213160093 4572686679358173 5225806145556253 5878925611754333 6532045077952413 7185164544150493 7756635309898849 
Case #87: IMPOSSIBLE
Case #88: 386180944347799 100793226470476933 
Case #89: 10204 4050608 8091012 12131416 16171820 20212224 24252628 28293032 32333436 36373840 40414244 44454648 48495052 52535456 56575860 60616264 64656668 68697072 72737476 76777880 80818284 84858688 88899092 92939496 96979900 
Case #90: 102 29805 59508 89211 118914 148617 178320 208023 237726 267429 297132 326835 356538 386241 415944 445647 475350 505053 534756 564459 594162 623865 653568 683271 712974 742677 772380 802083 831786 861489 891192 920895 950598 
Case #91: 38219 6153124 12268029 18382934 24497839 30612744 36726526 
Case #92: 151937203716006 88275515358999006 176399093514282006 264522671669565006 352646249824848006 440769827980130947 
Case #93: 28 
Case #94: 1025 
Case #95: 3252 718488 1433724 2148960 2864196 3579432 4294668 5009904 5725140 6440376 7155612 7870848 8586084 9301320 
Case #96: 148010253906251 
Case #97: 123456790 
Case #98: 2 
Case #99: 2575206842645 1346833178702894 2691091150563143 4035349122423392 5379607094283641 6723865066143890 8068123025674257 
Case #100: IMPOSSIBLE
