Case #1: 3 
Case #2: 1 
Case #3: 1 2 
Case #4: 2 7 
Case #5: 90383248 52151133556 104211883864 156272634172 208333384480 260394134788 312454885096 364515635404 416576385712 468637136020 520697886328 572758636636 624819386944 676880137252 728940887560 781001637868 824384664673 
Case #6: 884241366757 
Case #7: 1 2 3 4 
Case #8: 102030405060709 91011121314151618 181920212223242527 272829303132333436 363738394041424345 454647484950515254 545556575859606163 636465666768697072 727374757677787981 818283848586878890 909192939495969799 990000000000000001 
Case #9: 156905298046 
Case #10: 83385908498332841 
Case #11: 8196880 2565623164 5123049448 7680475732 10237902016 12795328300 15352754584 17910180868 20467607099 
Case #12: 1 
Case #13: 268822560488 170164680788336 340060539016184 509956397244032 679852255471880 849748113699728 1019643971927576 1189539830155424 1359435688383272 1529331546611120 
Case #14: 1 2 3 4 5 6 7 8 9 10 11 12 13 14 15 16 17 18 19 20 21 22 23 24 25 26 27 28 29 30 31 32 33 34 35 36 37 38 39 40 41 42 43 44 45 46 47 48 49 50 51 52 53 54 55 56 57 58 59 60 61 62 63 64 65 66 67 68 69 70 71 72 73 74 75 76 77 78 79 80 
Case #15: 12486472279055 8216098759617614 16419711046956173 24623323334294732 32826935621633291 41030547908971850 49234160196310409 57437772483648968 65629064754602625 
Case #16: 2251799813685249 
Case #17: 1 2 3 4 5 6 7 8 9 10 11 12 13 14 15 16 17 18 19 20 21 22 23 
Case #18: 1 2 3 4 5 6 7 8 9 10 11 12 13 14 15 16 17 18 19 20 21 22 23 24 25 
Case #19: 2199023255553 
Case #20: 433 
Case #21: 32769 
Case #22: 383837 136645642 272907447 409169252 545431057 681692862 817954667 954216472 1090478277 1226740082 1363001887 1499263692 1635525497 1771787302 1907670529 
Case #23: 18412816 7088933812 14159454808 21229975804 28300496800 35371017796 42441538792 49512059788 56582580784 63653101780 70723622711 
Case #24: 704785453280 525065162692920 1049425539932560 1573785917172200 2098146294411840 2622506671651480 3146867048891120 3671227426130760 4195587803370400 4719948180610040 5244308557849680 5768668935080389 
Case #25: 2212 400208 798204 1196200 1594196 1992192 2390188 2788184 3186180 3584176 3982172 4378005 
Case #26: 5399334079 3293593787630 6581788241181 9869982694732 13158177148283 16446371601834 19734566055385 23022760508936 26310954962487 29599149416038 32887343869589 36175538323140 39463732087297 
Case #27: 28895 4218550 8408205 12597860 16787515 20977170 
Case #28: 38131352 5223995152 10373728321 
Case #29: 1603 245123 488643 732163 975683 1219203 1462723 1706243 1949763 2193244 
Case #30: 2 
Case #31: 63 11046 22029 33012 43995 54978 65961 76944 87927 98910 109893 120876 131859 142842 153825 164808 175791 186774 197757 208740 
Case #32: 30569572 6450179531 12869789490 19289399449 25708054078 
Case #33: 435754 37039042 
Case #34: 39416153192 18013182008352 35986947863512 53960713718672 71934479573832 89908245428992 107882011284152 125817028857921 
Case #35: 1 
Case #36: 1 
Case #37: 215233606 
Case #38: 1 2 3 4 5 6 7 8 9 10 11 12 13 14 15 16 17 18 19 20 21 22 23 24 25 26 27 28 29 30 31 32 33 34 35 36 37 38 39 40 41 42 43 44 45 46 47 48 49 50 51 52 53 54 55 56 57 58 59 60 61 62 63 64 65 66 67 68 69 70 71 72 73 74 
Case #39: 15514352791420877 
Case #40: 518246912 112459579752 224400912592 336341607169 
Case #41: 1 
Case #42: 1 
Case #43: 25 1546 3067 4588 6109 7630 9151 10165 
Case #44: 2097153 
Case #45: 49361 8687386 17325411 25963436 34601461 43239486 51877511 58786561 
Case #46: 1 
Case #47: 1 2 3 4 5 6 7 8 9 10 11 12 13 14 15 16 17 18 19 20 21 22 23 24 25 26 27 28 29 30 31 32 33 34 35 36 37 38 39 40 41 42 43 44 45 46 47 48 49 50 51 52 53 54 55 56 57 58 59 60 61 62 63 64 65 66 67 68 69 70 71 72 73 74 75 76 77 78 79 80 81 82 83 84 85 86 87 88 89 90 91 92 93 94 95 96 97 98 99 100 
Case #48: 1 
Case #49: 103480286068387 29905802673763699 57220458984375001 
Case #50: 34632060025006 16658020872027506 33281409684030006 49904798496032506 66528187308034957 
Case #51: 1020304050608 809101112131416 1617181920212224 2425262728293032 3233343536373840 4041424344454648 4849505152535456 5657585960616264 6465666768697072 7273747576777880 8081828384858688 8889909192939496 9697989900000001 
Case #52: 10204 4050608 8091012 12131416 16171820 20212224 24252628 28293032 32333436 36373840 40414244 44454648 48495052 52535456 56575860 60616264 64656668 68697072 72737476 76777880 80818284 84858688 88899092 92939496 96979900 
Case #53: 309947 102592152 204874357 307156562 409438767 511720972 614003177 716285382 818567587 920849792 1023131997 1125414202 1227696407 1329673224 
Case #54: 41 4490 8939 13388 17837 22286 26735 31184 35633 40082 44531 48980 53391 
Case #55: 3031251 
Case #56: 103 30406 60709 91012 121315 151618 181921 212224 242527 272830 303133 333436 363739 394042 424345 454648 484951 515254 545557 575860 606163 636466 666769 697072 727375 757678 787981 818284 848587 878890 909193 939496 969799 990001 
Case #57: 1497658459 703899475310 1406301292161 2108703109012 2811104925863 3513506742714 4215908559565 4918310376416 5620712193267 6323114005425 
Case #58: 123456789000001 
Case #59: 30399297484750849 
Case #60: 1020305 506070810 1011121315 1516171820 2021222325 2526272830 3031323335 3536373840 4041424345 4546474850 5051525355 5556575860 6061626365 6566676870 7071727375 7576777880 8081828385 8586878890 9091929395 9596979900 
Case #61: 30224379232245 22607835665718594 45185446952204943 67763058238691292 90340669525177641 112918280811663990 135495892098150339 158073503384636688 180651114671123037 203228370376077313 
Case #62: 101840775152 54688496256152 109275151737152 163861807218152 218448462699152 273035118180152 327621773661152 382208429142152 436795062917889 
Case #63: 12345678900000001 
Case #64: 97 26890 53683 80476 107269 134062 160855 187648 214441 241234 268027 294820 321613 348406 375199 401992 428785 455578 482371 509164 535957 562750 589543 616336 643129 669922 696715 723508 750301 777094 803887 821749 
Case #65: 1 2 3 
Case #66: 619754707328 451801181641448 902982608575568 1354164035509688 1805345462443808 2256526889377928 2707708316312048 3158889743246168 3610071170180288 4061252597114408 4512434024048528 4963615378547457 
Case #67: 6 
Case #68: 1 
Case #69: 1 2 3 4 5 6 7 8 9 10 
Case #70: 661131627677 487254009597277 973846887566877 1460439765536477 1947032643506077 2433625521475677 2920218399445277 3406811277414877 3893404155384477 4379997033354077 4866589911323677 5353182788480083 
Case #71: 2 174 346 518 690 862 1034 1206 1378 1550 1722 1894 2066 2238 2410 2582 2754 2926 3098 3270 3442 3614 3786 3958 4130 4302 4474 4646 4818 4990 5162 5334 5506 5678 5850 6022 6194 6366 6538 6710 6882 7054 7141 
Case #72: 1 
Case #73: 5332 1519352 3033372 4547392 6061412 7575432 9089452 10603472 12117492 13631512 15145532 16659552 18173572 19687592 21201612 22715632 24229652 25743672 
Case #74: 2147483649 
Case #75: 144115188075855873 
Case #76: 526810509904322 243913266085700734 487299721661497146 730686177237293515 
Case #77: 1 2 3 4 5 6 7 8 9 10 11 12 13 14 15 16 17 18 19 20 21 22 23 24 25 26 27 28 29 30 31 32 33 34 35 36 37 38 39 40 41 42 43 44 45 46 47 48 49 50 51 52 53 54 55 56 57 58 59 60 61 62 63 64 65 66 67 68 69 70 71 72 
Case #78: 384460126 
Case #79: 1656877766475157 497063329942546369 
Case #80: 28 
Case #81: 40 4261 8482 12703 16924 21145 25366 29587 33808 38029 42250 46471 49285 
Case #82: 623749 57384866 
Case #83: 25547866241383 18649942356208942 37274336846176501 55898731336144060 74523125826111619 93147520316079178 111771914806046737 130396309296014296 149020703785981855 165575409551053057 
Case #84: 196139589 24909724126 
Case #85: 7 49 
Case #86: 1 
Case #87: 2 142 282 422 562 702 842 982 1122 1262 1402 1542 1682 1822 1962 2102 2242 2382 2522 2662 2802 2942 3082 3222 3362 3502 3642 3782 3922 4062 4202 4342 4482 4622 4693 
Case #88: 1 
Case #89: 2 204 406 608 810 1012 1214 1416 1618 1820 2022 2224 2426 2628 2830 3032 3234 3436 3638 3840 4042 4244 4446 4648 4850 5052 5254 5456 5658 5860 6062 6264 6466 6668 6870 7072 7274 7476 7678 7880 8082 8284 8486 8688 8890 9092 9294 9496 9698 9900 
Case #90: 5 
Case #91: 8 96 
Case #92: 311 6481 
Case #93: 1235 56790 
Case #94: 1 
Case #95: 29391155323018 13843234157141108 27657077158959198 41470920160777288 55284763162593025 
Case #96: 64677318922158 33696883158443898 67329088997965638 100961294837487378 134593500677009118 168224508780357586 
Case #97: 2 12 
Case #98: 1 
Case #99: 16 
Case #100: 5932 1785248 3564564 5343880 7123196 8902512 10681828 12461144 14240460 16019776 17799092 19578408 21357724 23137040 24916356 26695672 28474988 30254304 32033620 
