Case #1: 3 
Case #2: 1 
Case #3: 1 2 
Case #4: 2 7 
Case #5: 12445558292 1643697402816 
Case #6: 1 2 3 4 5 6 7 8 9 10 11 12 13 14 15 16 17 18 19 20 21 22 23 24 25 26 27 28 29 30 31 32 33 34 35 36 37 38 39 40 41 42 43 44 45 46 47 48 49 50 51 52 53 54 55 56 57 58 59 60 61 62 63 64 65 66 67 68 69 70 71 72 73 74 75 76 77 78 79 80 81 82 83 84 85 86 87 88 89 90 91 92 93 
Case #7: 61485241373877 50971265098943286 101881044956512695 152790824814082104 203700604671651513 254610384529220922 305520164386790331 356429944244359740 407339724101929149 458249503959498558 509158629717942286 
Case #8: 30399297484750849 
Case #9: 426750934628477 192891422452071274 385356093969514071 577820765486955061 
Case #10: 1 
Case #11: 1 2 3 4 
Case #12: 60226582294 12707808863924 25297777700097 
Case #13: 1 
Case #14: 3700256347656251 
Case #15: 2 98 194 290 386 482 578 674 770 866 962 1058 1154 1250 1346 1442 1538 1634 1730 1826 1922 2018 2114 2163 
Case #16: 6 
Case #17: 97 26890 53683 80476 107269 134062 160855 187648 214441 241234 268027 294820 321613 348406 375199 401992 428785 455578 482371 509164 535957 562750 589543 616336 643129 669922 696715 723508 750301 777094 803887 821749 
Case #18: 2 146 290 434 578 722 866 1010 1154 1298 1442 1586 1730 1874 2018 2162 2306 2450 2594 2738 2882 3026 3170 3314 3458 3602 3746 3890 4034 4178 4322 4466 4610 4754 4898 4971 
Case #19: 1 2 3 4 5 6 7 8 9 10 11 12 13 14 15 16 17 18 19 20 21 22 23 24 25 26 27 28 29 
Case #20: 7 49 
Case #21: 320255973501902 67272519433846785 
Case #22: 35754151 7794404750 15553055349 23311705948 31070322689 
Case #23: 2028 350688 699348 1048008 1396668 1745328 2093988 2442648 2791308 3139968 3488628 
Case #24: 15 486 957 1428 
Case #25: 10203040507 7080910111214 14151617181921 21222324252628 28293031323335 35363738394042 42434445464749 49505152535456 56575859606163 63646566676870 70717273747577 77787980818284 84858687888991 91929394959698 98990000000001 
Case #26: 1 
Case #27: 268822560488 170164680788336 340060539016184 509956397244032 679852255471880 849748113699728 1019643971927576 1189539830155424 1359435688383272 1529331546611120 
Case #28: 2 196 390 584 778 972 1166 1360 1554 1748 1942 2136 2330 2524 2718 2912 3106 3300 3494 3688 3882 4076 4270 4464 4658 4852 5046 5240 5434 5628 5822 6016 6210 6404 6598 6792 6986 7180 7374 7568 7762 7956 8150 8344 8538 8732 8926 9120 
Case #29: 2 
Case #30: 1 
Case #31: 8685498653 3065981024221 6123276549789 9180572075357 12237867600925 15295163033251 
Case #32: 1 
Case #33: 844 91904 182964 274024 365084 456144 547204 
Case #34: 1296932067758066 309962971344909313 
Case #35: 24710986 10255058812 20485406638 30715754464 40946102290 51176450116 61406797942 71637145768 81867493594 92097841420 102328189246 112558532101 
Case #36: 1 
Case #37: 606251 
Case #38: 28 
Case #39: 1 2 3 4 5 6 7 
Case #40: 850415971613 653969882169693 1307089348367773 1960208814565853 2613328280763933 3266447746962013 3919567213160093 4572686679358173 5225806145556253 5878925611754333 6532045077952413 7185164544150493 7756635309898849 
Case #41: 68179618229 20931142796078 41794105973927 62657069151741 
Case #42: 5932 1785248 3564564 5343880 7123196 8902512 10681828 12461144 14240460 16019776 17799092 19578408 21357724 23137040 24916356 26695672 28474988 30254304 32033620 
Case #43: 83385908498332841 
Case #44: 3031251 
Case #45: 15514352791420877 
Case #46: 5 
Case #47: 1 
Case #48: 423856 61459012 122494168 183529324 234375001 
Case #49: 45323715237 13098553703286 26151783691335 39205013642290 
Case #50: 12850897 2261757746 4510664595 6759570741 
Case #51: 1 
Case #52: 2691220876 
Case #53: 679588849 271835539250 542991489651 814147440052 1085303390453 1356459340854 1627615291255 1898771241656 2169259118241 
Case #54: 1073741825 
Case #55: 16 
Case #56: 4412960677 
Case #57: 10204 4050608 8091012 12131416 16171820 20212224 24252628 28293032 32333436 36373840 40414244 44454648 48495052 52535456 56575860 60616264 64656668 68697072 72737476 76777880 80818284 84858688 88899092 92939496 96979900 
Case #58: 70 13741 27412 41083 54754 68425 82096 95767 109438 123109 136780 150451 164122 177793 191464 205135 218806 232477 246148 259819 273490 287161 296275 
Case #59: 4661 354186 703711 983041 
Case #60: 6038339857 3767924070194 7529809800531 11291695530868 15053581261205 18815466991542 22577352721879 26339238452216 30101124182553 33863009912890 37624895643227 41386781373564 45148667103811 
Case #61: 1020304050608 809101112131416 1617181920212224 2425262728293032 3233343536373840 4041424344454648 4849505152535456 5657585960616264 6465666768697072 7273747576777880 8081828384858688 8889909192939496 9697989900000001 
Case #62: 1 
Case #63: 6622738309 1437134212918 2867645686876 
Case #64: 12345678900000001 
Case #65: 16473631310453 11284437447659702 22552401264008951 33820365080358200 45088328896707449 56356292713056698 67624256529405947 78892220345755196 90160184126482779 
Case #66: 2 12 
Case #67: 268435457 
Case #68: 2 204 406 608 810 1012 1214 1416 1618 1820 2022 2224 2426 2628 2830 3032 3234 3436 3638 3840 4042 4244 4446 4648 4850 5052 5254 5456 5658 5860 6062 6264 6466 6668 6870 7072 7274 7476 7678 7880 8082 8284 8486 8688 8890 9092 9294 9496 9698 9900 
Case #69: 364 25064 49764 74464 98821 
Case #70: 1 
Case #71: 144115188075855873 
Case #72: 8589934593 
Case #73: 1 
Case #74: 168736111880 98710625449280 197252514786680 295794404124080 394336293461480 492878182798880 591420072136280 689961961473680 788503850811080 886879253440577 
Case #75: 103 30406 60709 91012 121315 151618 181921 212224 242527 272830 303133 333436 363739 394042 424345 454648 484951 515254 545557 575860 606163 636466 666769 697072 727375 757678 787981 818284 848587 878890 909193 939496 969799 990001 
Case #76: 100 28621 57142 85663 114184 142705 171226 199747 228268 256789 285310 313831 342352 370873 399394 427915 456436 484957 513478 541999 570520 599041 627562 656083 684604 713125 741646 770167 798688 827209 855730 884251 903265 
Case #77: 27249053 3515127773 6565418769 
Case #78: 57879 10765334 21472789 32180244 42887699 53595154 64302609 75008581 
Case #79: 1235 56790 
Case #80: 1 2 3 4 5 6 7 8 9 10 11 12 13 14 15 16 17 18 19 20 21 22 23 24 25 26 27 28 29 30 31 32 33 34 35 36 37 38 39 40 41 42 43 44 45 46 47 48 49 50 51 52 53 54 55 56 57 58 59 60 61 62 
Case #81: 2941116294889473 
Case #82: 212523 61843928 123475333 185106738 246738143 308369548 370000953 431632358 493263763 554895168 616526573 678157919 
Case #83: 114383962274806 
Case #84: 1729768957 837208174754 1672686580551 2508164986348 3343643392145 4179121797942 5014600203739 5850078609536 6685557015333 7521035421130 
Case #85: 669 24001 
Case #86: 102030405060709 91011121314151618 181920212223242527 272829303132333436 363738394041424345 454647484950515254 545556575859606163 636465666768697072 727374757677787981 818283848586878890 909192939495969799 990000000000000001 
Case #87: 55656832 13301982659 26548308486 39794634313 53040960140 
Case #88: 10936368 3685555716 7360175064 11034794412 14709413760 18384033108 22058652456 25733271804 29407891152 33082321942 
Case #89: 65 
Case #90: 623749 57384866 
Case #91: 1 2 3 4 5 6 7 8 9 10 11 12 13 14 15 16 17 18 19 20 21 22 23 24 25 26 27 28 29 30 31 32 33 34 35 36 37 38 39 40 41 42 43 44 45 46 47 48 49 50 51 52 53 54 55 56 57 58 59 60 61 62 63 64 65 66 67 
Case #92: 16 565 1114 1663 2029 
Case #93: 146149166039041 
Case #94: 1 2 3 4 5 6 7 8 9 10 11 12 13 14 15 16 17 18 19 20 21 22 23 24 25 26 27 28 29 30 31 32 33 34 35 36 37 38 39 40 41 42 43 44 45 46 47 48 49 50 51 52 53 54 55 56 57 58 59 60 61 62 63 64 65 66 67 68 69 70 71 72 73 74 75 76 77 78 79 80 81 82 83 84 85 86 87 88 89 90 91 92 93 94 95 96 97 98 99 100 
Case #95: 1 
Case #96: 52 7405 14758 22111 29464 36817 44170 51523 58876 66229 73582 80935 88288 95641 102994 110347 115249 
Case #97: 21505804838969 15312133045345298 30602760285851627 45893387526357956 61184014766864285 76474642007370614 91765269247876943 107055896488383272 122346523728889521 
Case #98: 673907 290453512 580233117 870012722 1159792327 1449571932 1739351537 2029131142 2318910747 2608690352 2898469957 3188249562 3478029167 3767808772 4057588377 4347367982 4637147587 4926260944 
Case #99: 1 2 3 
Case #100: 259 14723 29187 43636 
