Case #1: CAB
Case #2: MJA
Case #3: OCDE
Case #4: BBAAA
Case #5: CCCABBBAB
Case #6: CCCBAABAB
Case #7: ZXCASDQWE
Case #8: OHILKJNMEFBDCGA
Case #9: MMGEABCDFHIJKLA
Case #10: CCCCBBAAABABABA
Case #11: CCCCAABAABBAABA
Case #12: CBA
Case #13: BAAA
Case #14: CCBBAAAAAAAAB
Case #15: MMLIHGFEBAKJDCA
Case #16: ONCJEMLHGFDBKIA
Case #17: CCCCCBBBBBAAAAA
Case #18: RRBAACADABA
Case #19: CCCCCCCAAABAAAB
Case #20: CCCCCCAAABBBAAB
Case #21: ZADBC
Case #22: CCCCCCABBAAABAB
Case #23: BAA
Case #24: ZACBA
Case #25: CBBBBAAAAAAAA
Case #26: CBBBAAAAAAAAA
Case #27: DDDCCBAAACABC
Case #28: CBA
Case #29: BBA
Case #30: XSSLMPJGGKTRQWD
Case #31: XXXTLLMJRFPLTTG
Case #32: YWWSQPMRTMKDHTX
Case #33: CCCCCBBBBBAAAAA
Case #34: BAAA
Case #35: CCCBBAAAAAAAA
Case #36: CCCCABAAABAAABB
Case #37: CCCCCBBBBAAAABA
Case #38: MMLAKGFEDABCHIJ
Case #39: BAA
Case #40: ZZQTDRQMRWKMVSY
Case #41: A
Case #42: DDCBBBAABCCAAB
Case #43: BAA
Case #44: CCCCCBBBBBAAAAA
Case #45: CCCCCABAAABBABB
Case #46: MMABCDFGHIJLAKE
Case #47: BA
Case #48: CCCCCAAABBAABAA
Case #49: CCCBBBAAAAAAABA
Case #50: CCCAABABABBABAA
Case #51: ONMLKDCBJIHGEFA
Case #52: CCCCCBBBBBAAAAA
Case #53: ONBACFMHIJKLGED
Case #54: BBBBBAAAAAAAA
Case #55: CBA
Case #56: DCCBBBBBAAAAB
Case #57: BBA
Case #58: BAAA
Case #59: ZDABC
Case #60: CCCCCBBBBBAAAAA
Case #61: CCCCCCCCABBBAAB
Case #62: OFDIMALHCBGNEKJ
Case #63: ONMLKJIHGFEBCDA
Case #64: OKCBAEGHIFDMLNJ
Case #65: BBA
Case #66: OMACKEFGHIJBDNL
Case #67: AA
Case #68: BAAA
Case #69: CAB
Case #70: MMACDEFGHIALKJB
Case #71: CCCCCCCCAAABBAB
Case #72: ZEDCBAYXWU
Case #73: ZAYBXCWDUE
Case #74: CCCCCABBBBBAAAA
Case #75: ZABYCXDWEU
Case #76: DCCCBAAAAAAAAB
Case #77: CCCCCCBBBBBBBBB
Case #78: ONMGBADECHIJKLF
Case #79: ZYTRPKPRSRJHTPF
Case #80: AAA
Case #81: ZAAAA
Case #82: CCCCCBBBBBAAAAA
Case #83: DCBBAAAAAAAAC
Case #84: CCCCBBAAAABABAB
Case #85: BBB
Case #86: CCCCCABBBBBAAAA
Case #87: CCCCCBBBBBAAAAA
Case #88: CCCCCBABABBBAAB
Case #89: BA
Case #90: ONFECABHLMIGKDJ
Case #91: ZABCD
Case #92: CCCCCCBBAAABBBA
Case #93: CCCABABAAAAAABA
Case #94: CBBBAAAAAAABA
Case #95: CBA
Case #96: Z
Case #97: ZDCBA
Case #98: BB
Case #99: MMLJGFEDCABHIKA
Case #100: CCCCAABBABAABAA
