Case #1: 3 4 6 
Case #2: 4 8 2144930904 
Case #3: 1 4 5 
Case #4: 2 22 2144930904 
Case #5: 2 6 10 
Case #6: 10 11 14 
Case #7: 1 2 3 
Case #8: 2 3 4 
Case #9: 2 4 2144930904 
Case #10: 2 9 16 
Case #11: 6 9 10 
Case #12: 3 4 5 
Case #13: 9 10 11 
Case #14: 3 4 5 
Case #15: 18 33 36 
Case #16: 7 8 12 
Case #17: 22 222 2144930904 
Case #18: 2 6 2144930904 
Case #19: 1 2 3 
Case #20: 18 22 24 
Case #21: 7 9 12 
Case #22: 1 2 3 
Case #23: 21 25 28 
Case #24: 4 6 2144930904 
Case #25: 5 6 8 
Case #26: 7 17 27 
Case #27: 7 12 14 
Case #28: 12 15 17 
Case #29: 5 6 2144930904 
Case #30: 1 2 3 
Case #31: 7 12 13 
Case #32: 4 5 2144930904 
Case #33: 6 17 21 
Case #34: 16 26 45 
Case #35: 7 9 13 
Case #36: 10 13 15 
Case #37: 2 3 4 
Case #38: 6 8 2144930904 
Case #39: 3 4 6 
Case #40: 9 15 20 
Case #41: 6 11 15 
Case #42: 3 4 7 
Case #43: 5 8 11 
Case #44: 4 6 9 
Case #45: 8 11 14 
Case #46: 61 88 110 
Case #47: 3 6 9 
Case #48: 2 4 7 
Case #49: 19 25 29 
Case #50: 2 4 2144930904 
