Case #1: 3 4 6
Case #2: 3 4 5
Case #3: 83 130 135 142 185 193 216
Case #4: 2 4
Case #5: 9 10 15 17
Case #6: 11 14 16 18 20 22 23
Case #7: 25 33 40 47 48 50 58 61 62
Case #8: 1 2 3 4
Case #9: 2 4 6 8 10 12 14 15 17 18
Case #10: 5 7 9 10 11 13 14
Case #11: 5 8 13 15 16
Case #12: 8 11
Case #13: 3 7
Case #14: 6 9 10 12 13 14
Case #15: 7 12 16
Case #16: 5 12 19 26 33 40 47
Case #17: 81 82 83 84 85 86 87 88 89 90
Case #18: 6 7 8 9 10 11 12 13 14 15
Case #19: 10 14 19
Case #20: 2 11 21 30
Case #21: 3 5 6 8
Case #22: 5 7 8
Case #23: 6 9 12 14 17 19 22 25 28 30
Case #24: 15 24 30 34 36 42 46 50 54 57
Case #25: 2 7
Case #26: 7 9 11 15 17 20 21
Case #27: 2 3 4
Case #28: 5 6 7
Case #29: 11 12 15 19 20 21 23 26
Case #30: 7 9 10 13 14 18 19
Case #31: 5 6 10 12
Case #32: 20 21 26 30 31 36 46
Case #33: 3 5 6 11
Case #34: 2 6
Case #35: 6 9 11 14 15 17 18
Case #36: 4 8
Case #37: 34 47 69 73 82 90 105 129 141 179
Case #38: 7 14 18 22 23 28
Case #39: 1 2 3
Case #40: 17 22 23 25 29 32 33
Case #41: 5 6 7 8 9 10 11
Case #42: 8 11 13 14
Case #43: 3 8 12 13 14 15 26
Case #44: 13 16 18 23 25
Case #45: 8 10 11 13 14 18
Case #46: 6 8
Case #47: 2 22
Case #48: 22 222
Case #49: 4 8 12 16
Case #50: 7 15 22 28 33 37 40 41 42 58
