0.00000 0.25000 0.25000
0.00000 0.00000 0.00000
0.06509 0.07101 0.06509 0.05917 0.06509 0.06509 0.06509 0.07101
0.04949 0.03799 0.04744
0.06283 0.06283 0.02802 0.03759 0.02911 0.06283 0.02802
0.03243 0.08196 0.04278 0.04179 0.04209 0.03189 0.03243 0.03987 0.08196 0.03987
0.03722 0.03409 0.03409 0.03055 0.02719 0.02993 0.03433
0.03120 0.02322 0.04130 0.03120 0.03120 0.03299 0.03299 0.02192 0.02828 0.02644
0.02773 0.02641 0.02726 0.02618
0.02964 0.02420 0.02095 0.01728
0.02616 0.02239
0.01953 0.01919 0.00152 0.03119 0.02458 0.02487 0.01178
0.00000 0.00000 0.00000 0.00000 0.00000 0.00000 0.00000 0.00000
0.01970
0.01732 0.01605 0.01525 0.01596 0.01525 0.01529
0.01578 0.01595 0.01595 0.01605 0.01808
0.01432 0.01410 0.01465
0.01383 0.01382 0.01400 0.01400 0.01429 0.01364 0.01184 0.01224
0.01321
0.01212 0.01386 0.01416 0.01054 0.01224 0.01168 0.01416 0.01323
0.02952
0.01066 0.01066 0.01087 0.01024 0.01048 0.01237
0.00988 0.00983 0.01086 0.01024 0.00988 0.01085
0.00987 0.01034
0.00879 0.01011
0.00941
0.00887
0.00886 0.00860 0.00861 0.00899 0.00844
0.00781
0.00826 0.00812
0.00600 0.00759 0.01084 0.01429 0.00000 0.01401
0.00000 0.00000 0.00000 0.00000 0.00000 0.00000 0.00000
0.00747 0.00735
0.00708 0.00641 0.00716
0.00776 0.00674
0.00000 0.00000 0.00000
0.00611 0.00647 0.00746 0.00618
0.00641 0.00636 0.00696 0.00595 0.00704 0.00737 0.00696 0.00736 0.00613 0.00666
0.00657 0.00643
0.00919 0.00501 0.00505 0.00726 0.00563 0.00642 0.00532 0.00366 0.00785
0.00734 0.00687 0.00689 0.00734 0.00483 0.00505 0.00715 0.00664 0.00483 0.00637
0.00577
0.00618
0.00602 0.00596 0.00543 0.00592 0.00542 0.00606 0.00593 0.00553 0.00581
0.00595
0.00575 0.00603
0.00000 0.00000 0.00000 0.00000 0.00000 0.00000 0.00000 0.00000
0.00000 0.00000 0.00000 0.00000 0.00000
0.00477 0.00511 0.00471 0.00497 0.00490 0.00465 0.00497 0.00500
0.00517 0.00486 0.00478
