Case #1: POSSIBLE
01110
00110
00010
00001
00000
Case #2: POSSIBLE
01
00
Case #3: IMPOSSIBLE
Case #4: POSSIBLE
0111111
0011111
0001111
0000111
0000011
0000001
0000000
Case #5: POSSIBLE
0111111111111111110
0011111111111111110
0001111111111111110
0000111111111111110
0000011111111111110
0000001111111111111
0000000111111111111
0000000011111111111
0000000001111111111
0000000000111111110
0000000000011111111
0000000000001111111
0000000000000111110
0000000000000011111
0000000000000001110
0000000000000000110
0000000000000000010
0000000000000000001
0000000000000000000
Case #6: POSSIBLE
0111110
0011111
0001110
0000111
0000010
0000000
0000000
Case #7: POSSIBLE
0111110
0011111
0001111
0000111
0000011
0000001
0000000
Case #8: POSSIBLE
01111110
00111110
00011111
00001110
00000110
00000010
00000001
00000000
Case #9: IMPOSSIBLE
Case #10: POSSIBLE
011111111111111111111111111111111111110
001111111111111111111111111111111111111
000111111111111111111111111111111111111
000011111111111111111111111111111111111
000001111111111111111111111111111111111
000000111111111111111111111111111111111
000000011111111111111111111111111111111
000000001111111111111111111111111111111
000000000111111111111111111111111111111
000000000011111111111111111111111111111
000000000001111111111111111111111111111
000000000000111111111111111111111111111
000000000000011111111111111111111111111
000000000000001111111111111111111111111
000000000000000111111111111111111111111
000000000000000011111111111111111111111
000000000000000001111111111111111111111
000000000000000000111111111111111111111
000000000000000000011111111111111111111
000000000000000000001111111111111111111
000000000000000000000111111111111111111
000000000000000000000011111111111111111
000000000000000000000001111111111111111
000000000000000000000000111111111111111
000000000000000000000000011111111111111
000000000000000000000000001111111111111
000000000000000000000000000111111111111
000000000000000000000000000011111111111
000000000000000000000000000001111111111
000000000000000000000000000000111111111
000000000000000000000000000000011111111
000000000000000000000000000000001111111
000000000000000000000000000000000111111
000000000000000000000000000000000011110
000000000000000000000000000000000001110
000000000000000000000000000000000000110
000000000000000000000000000000000000010
000000000000000000000000000000000000000
000000000000000000000000000000000000000
Case #11: IMPOSSIBLE
Case #12: POSSIBLE
011111111111111111111111111111111111110
001111111111111111111111111111111111110
000111111111111111111111111111111111110
000011111111111111111111111111111111110
000001111111111111111111111111111111110
000000111111111111111111111111111111110
000000011111111111111111111111111111110
000000001111111111111111111111111111110
000000000111111111111111111111111111110
000000000011111111111111111111111111110
000000000001111111111111111111111111110
000000000000111111111111111111111111110
000000000000011111111111111111111111110
000000000000001111111111111111111111110
000000000000000111111111111111111111110
000000000000000011111111111111111111110
000000000000000001111111111111111111110
000000000000000000111111111111111111110
000000000000000000011111111111111111110
000000000000000000001111111111111111110
000000000000000000000111111111111111110
000000000000000000000011111111111111110
000000000000000000000001111111111111110
000000000000000000000000111111111111110
000000000000000000000000011111111111110
000000000000000000000000001111111111110
000000000000000000000000000111111111110
000000000000000000000000000011111111110
000000000000000000000000000001111111110
000000000000000000000000000000111111110
000000000000000000000000000000011111110
000000000000000000000000000000001111110
000000000000000000000000000000000111111
000000000000000000000000000000000011110
000000000000000000000000000000000001110
000000000000000000000000000000000000110
000000000000000000000000000000000000010
000000000000000000000000000000000000000
000000000000000000000000000000000000000
Case #13: IMPOSSIBLE
Case #14: POSSIBLE
011111111111111111111111111111111111110
001111111111111111111111111111111111110
000111111111111111111111111111111111110
000011111111111111111111111111111111110
000001111111111111111111111111111111110
000000111111111111111111111111111111110
000000011111111111111111111111111111110
000000001111111111111111111111111111110
000000000111111111111111111111111111110
000000000011111111111111111111111111110
000000000001111111111111111111111111110
000000000000111111111111111111111111110
000000000000011111111111111111111111110
000000000000001111111111111111111111110
000000000000000111111111111111111111110
000000000000000011111111111111111111110
000000000000000001111111111111111111110
000000000000000000111111111111111111110
000000000000000000011111111111111111110
000000000000000000001111111111111111110
000000000000000000000111111111111111110
000000000000000000000011111111111111110
000000000000000000000001111111111111110
000000000000000000000000111111111111110
000000000000000000000000011111111111110
000000000000000000000000001111111111110
000000000000000000000000000111111111110
000000000000000000000000000011111111110
000000000000000000000000000001111111110
000000000000000000000000000000111111110
000000000000000000000000000000011111110
000000000000000000000000000000001111110
000000000000000000000000000000000111111
000000000000000000000000000000000011110
000000000000000000000000000000000001110
000000000000000000000000000000000000110
000000000000000000000000000000000000010
000000000000000000000000000000000000000
000000000000000000000000000000000000000
Case #15: IMPOSSIBLE
Case #16: POSSIBLE
011111111111111111111111111111111111110
001111111111111111111111111111111111110
000111111111111111111111111111111111110
000011111111111111111111111111111111110
000001111111111111111111111111111111110
000000111111111111111111111111111111110
000000011111111111111111111111111111110
000000001111111111111111111111111111110
000000000111111111111111111111111111110
000000000011111111111111111111111111110
000000000001111111111111111111111111110
000000000000111111111111111111111111110
000000000000011111111111111111111111110
000000000000001111111111111111111111110
000000000000000111111111111111111111110
000000000000000011111111111111111111110
000000000000000001111111111111111111110
000000000000000000111111111111111111110
000000000000000000011111111111111111110
000000000000000000001111111111111111110
000000000000000000000111111111111111110
000000000000000000000011111111111111110
000000000000000000000001111111111111110
000000000000000000000000111111111111110
000000000000000000000000011111111111110
000000000000000000000000001111111111110
000000000000000000000000000111111111110
000000000000000000000000000011111111110
000000000000000000000000000001111111110
000000000000000000000000000000111111110
000000000000000000000000000000011111110
000000000000000000000000000000001111110
000000000000000000000000000000000111111
000000000000000000000000000000000011110
000000000000000000000000000000000001110
000000000000000000000000000000000000110
000000000000000000000000000000000000010
000000000000000000000000000000000000000
000000000000000000000000000000000000000
Case #17: IMPOSSIBLE
Case #18: POSSIBLE
011111111111111111111111111111111111110
001111111111111111111111111111111111110
000111111111111111111111111111111111110
000011111111111111111111111111111111110
000001111111111111111111111111111111110
000000111111111111111111111111111111110
000000011111111111111111111111111111110
000000001111111111111111111111111111110
000000000111111111111111111111111111110
000000000011111111111111111111111111110
000000000001111111111111111111111111110
000000000000111111111111111111111111110
000000000000011111111111111111111111110
000000000000001111111111111111111111110
000000000000000111111111111111111111110
000000000000000011111111111111111111110
000000000000000001111111111111111111110
000000000000000000111111111111111111110
000000000000000000011111111111111111110
000000000000000000001111111111111111110
000000000000000000000111111111111111110
000000000000000000000011111111111111110
000000000000000000000001111111111111110
000000000000000000000000111111111111110
000000000000000000000000011111111111110
000000000000000000000000001111111111110
000000000000000000000000000111111111110
000000000000000000000000000011111111110
000000000000000000000000000001111111110
000000000000000000000000000000111111110
000000000000000000000000000000011111110
000000000000000000000000000000001111110
000000000000000000000000000000000111111
000000000000000000000000000000000011110
000000000000000000000000000000000001110
000000000000000000000000000000000000110
000000000000000000000000000000000000010
000000000000000000000000000000000000000
000000000000000000000000000000000000000
Case #19: IMPOSSIBLE
Case #20: POSSIBLE
011111111111111111111111111111111111110
001111111111111111111111111111111111110
000111111111111111111111111111111111110
000011111111111111111111111111111111110
000001111111111111111111111111111111110
000000111111111111111111111111111111110
000000011111111111111111111111111111110
000000001111111111111111111111111111110
000000000111111111111111111111111111110
000000000011111111111111111111111111110
000000000001111111111111111111111111110
000000000000111111111111111111111111110
000000000000011111111111111111111111110
000000000000001111111111111111111111110
000000000000000111111111111111111111110
000000000000000011111111111111111111110
000000000000000001111111111111111111110
000000000000000000111111111111111111110
000000000000000000011111111111111111110
000000000000000000001111111111111111110
000000000000000000000111111111111111110
000000000000000000000011111111111111110
000000000000000000000001111111111111110
000000000000000000000000111111111111110
000000000000000000000000011111111111110
000000000000000000000000001111111111110
000000000000000000000000000111111111110
000000000000000000000000000011111111110
000000000000000000000000000001111111110
000000000000000000000000000000111111110
000000000000000000000000000000011111110
000000000000000000000000000000001111110
000000000000000000000000000000000111111
000000000000000000000000000000000011110
000000000000000000000000000000000001110
000000000000000000000000000000000000110
000000000000000000000000000000000000010
000000000000000000000000000000000000000
000000000000000000000000000000000000000
Case #21: IMPOSSIBLE
Case #22: POSSIBLE
011111111111111111111111111111111111110
001111111111111111111111111111111111110
000111111111111111111111111111111111110
000011111111111111111111111111111111110
000001111111111111111111111111111111110
000000111111111111111111111111111111110
000000011111111111111111111111111111110
000000001111111111111111111111111111110
000000000111111111111111111111111111110
000000000011111111111111111111111111110
000000000001111111111111111111111111110
000000000000111111111111111111111111110
000000000000011111111111111111111111110
000000000000001111111111111111111111110
000000000000000111111111111111111111110
000000000000000011111111111111111111110
000000000000000001111111111111111111110
000000000000000000111111111111111111110
000000000000000000011111111111111111110
000000000000000000001111111111111111110
000000000000000000000111111111111111110
000000000000000000000011111111111111110
000000000000000000000001111111111111110
000000000000000000000000111111111111110
000000000000000000000000011111111111110
000000000000000000000000001111111111110
000000000000000000000000000111111111110
000000000000000000000000000011111111110
000000000000000000000000000001111111110
000000000000000000000000000000111111110
000000000000000000000000000000011111110
000000000000000000000000000000001111110
000000000000000000000000000000000111111
000000000000000000000000000000000011110
000000000000000000000000000000000001110
000000000000000000000000000000000000110
000000000000000000000000000000000000010
000000000000000000000000000000000000000
000000000000000000000000000000000000000
Case #23: IMPOSSIBLE
Case #24: POSSIBLE
011111111111111111111111111111111111110
001111111111111111111111111111111111110
000111111111111111111111111111111111110
000011111111111111111111111111111111110
000001111111111111111111111111111111110
000000111111111111111111111111111111110
000000011111111111111111111111111111110
000000001111111111111111111111111111110
000000000111111111111111111111111111110
000000000011111111111111111111111111110
000000000001111111111111111111111111110
000000000000111111111111111111111111110
000000000000011111111111111111111111110
000000000000001111111111111111111111110
000000000000000111111111111111111111110
000000000000000011111111111111111111110
000000000000000001111111111111111111110
000000000000000000111111111111111111110
000000000000000000011111111111111111110
000000000000000000001111111111111111110
000000000000000000000111111111111111110
000000000000000000000011111111111111110
000000000000000000000001111111111111110
000000000000000000000000111111111111110
000000000000000000000000011111111111110
000000000000000000000000001111111111110
000000000000000000000000000111111111110
000000000000000000000000000011111111110
000000000000000000000000000001111111110
000000000000000000000000000000111111110
000000000000000000000000000000011111110
000000000000000000000000000000001111110
000000000000000000000000000000000111111
000000000000000000000000000000000011110
000000000000000000000000000000000001110
000000000000000000000000000000000000110
000000000000000000000000000000000000010
000000000000000000000000000000000000000
000000000000000000000000000000000000000
Case #25: IMPOSSIBLE
Case #26: POSSIBLE
011111111111111111111111111111111111110
001111111111111111111111111111111111110
000111111111111111111111111111111111110
000011111111111111111111111111111111110
000001111111111111111111111111111111110
000000111111111111111111111111111111110
000000011111111111111111111111111111110
000000001111111111111111111111111111110
000000000111111111111111111111111111110
000000000011111111111111111111111111110
000000000001111111111111111111111111110
000000000000111111111111111111111111110
000000000000011111111111111111111111110
000000000000001111111111111111111111110
000000000000000111111111111111111111110
000000000000000011111111111111111111110
000000000000000001111111111111111111110
000000000000000000111111111111111111110
000000000000000000011111111111111111110
000000000000000000001111111111111111110
000000000000000000000111111111111111110
000000000000000000000011111111111111110
000000000000000000000001111111111111110
000000000000000000000000111111111111110
000000000000000000000000011111111111110
000000000000000000000000001111111111110
000000000000000000000000000111111111110
000000000000000000000000000011111111110
000000000000000000000000000001111111110
000000000000000000000000000000111111110
000000000000000000000000000000011111110
000000000000000000000000000000001111110
000000000000000000000000000000000111111
000000000000000000000000000000000011110
000000000000000000000000000000000001110
000000000000000000000000000000000000110
000000000000000000000000000000000000010
000000000000000000000000000000000000000
000000000000000000000000000000000000000
Case #27: IMPOSSIBLE
Case #28: POSSIBLE
011111111111111111111111111111111111110
001111111111111111111111111111111111110
000111111111111111111111111111111111110
000011111111111111111111111111111111110
000001111111111111111111111111111111110
000000111111111111111111111111111111110
000000011111111111111111111111111111110
000000001111111111111111111111111111110
000000000111111111111111111111111111110
000000000011111111111111111111111111110
000000000001111111111111111111111111110
000000000000111111111111111111111111110
000000000000011111111111111111111111110
000000000000001111111111111111111111110
000000000000000111111111111111111111110
000000000000000011111111111111111111110
000000000000000001111111111111111111110
000000000000000000111111111111111111110
000000000000000000011111111111111111110
000000000000000000001111111111111111110
000000000000000000000111111111111111110
000000000000000000000011111111111111110
000000000000000000000001111111111111110
000000000000000000000000111111111111110
000000000000000000000000011111111111110
000000000000000000000000001111111111110
000000000000000000000000000111111111110
000000000000000000000000000011111111110
000000000000000000000000000001111111110
000000000000000000000000000000111111110
000000000000000000000000000000011111110
000000000000000000000000000000001111110
000000000000000000000000000000000111111
000000000000000000000000000000000011110
000000000000000000000000000000000001110
000000000000000000000000000000000000110
000000000000000000000000000000000000010
000000000000000000000000000000000000000
000000000000000000000000000000000000000
Case #29: IMPOSSIBLE
Case #30: POSSIBLE
011111111111111111111111111111111111110
001111111111111111111111111111111111110
000111111111111111111111111111111111110
000011111111111111111111111111111111110
000001111111111111111111111111111111110
000000111111111111111111111111111111110
000000011111111111111111111111111111110
000000001111111111111111111111111111110
000000000111111111111111111111111111110
000000000011111111111111111111111111110
000000000001111111111111111111111111110
000000000000111111111111111111111111110
000000000000011111111111111111111111110
000000000000001111111111111111111111110
000000000000000111111111111111111111110
000000000000000011111111111111111111110
000000000000000001111111111111111111110
000000000000000000111111111111111111110
000000000000000000011111111111111111110
000000000000000000001111111111111111110
000000000000000000000111111111111111110
000000000000000000000011111111111111110
000000000000000000000001111111111111110
000000000000000000000000111111111111110
000000000000000000000000011111111111110
000000000000000000000000001111111111110
000000000000000000000000000111111111110
000000000000000000000000000011111111110
000000000000000000000000000001111111110
000000000000000000000000000000111111110
000000000000000000000000000000011111110
000000000000000000000000000000001111110
000000000000000000000000000000000111111
000000000000000000000000000000000011110
000000000000000000000000000000000001110
000000000000000000000000000000000000110
000000000000000000000000000000000000010
000000000000000000000000000000000000000
000000000000000000000000000000000000000
Case #31: IMPOSSIBLE
Case #32: POSSIBLE
011111111111111111111111111111111111110
001111111111111111111111111111111111110
000111111111111111111111111111111111110
000011111111111111111111111111111111110
000001111111111111111111111111111111110
000000111111111111111111111111111111110
000000011111111111111111111111111111110
000000001111111111111111111111111111110
000000000111111111111111111111111111110
000000000011111111111111111111111111110
000000000001111111111111111111111111110
000000000000111111111111111111111111110
000000000000011111111111111111111111110
000000000000001111111111111111111111110
000000000000000111111111111111111111110
000000000000000011111111111111111111110
000000000000000001111111111111111111110
000000000000000000111111111111111111110
000000000000000000011111111111111111110
000000000000000000001111111111111111110
000000000000000000000111111111111111110
000000000000000000000011111111111111110
000000000000000000000001111111111111110
000000000000000000000000111111111111110
000000000000000000000000011111111111110
000000000000000000000000001111111111110
000000000000000000000000000111111111110
000000000000000000000000000011111111110
000000000000000000000000000001111111110
000000000000000000000000000000111111110
000000000000000000000000000000011111110
000000000000000000000000000000001111110
000000000000000000000000000000000111111
000000000000000000000000000000000011110
000000000000000000000000000000000001110
000000000000000000000000000000000000110
000000000000000000000000000000000000010
000000000000000000000000000000000000000
000000000000000000000000000000000000000
Case #33: IMPOSSIBLE
Case #34: POSSIBLE
011111111111111111111111111111111111110
001111111111111111111111111111111111110
000111111111111111111111111111111111110
000011111111111111111111111111111111110
000001111111111111111111111111111111110
000000111111111111111111111111111111110
000000011111111111111111111111111111110
000000001111111111111111111111111111110
000000000111111111111111111111111111110
000000000011111111111111111111111111110
000000000001111111111111111111111111110
000000000000111111111111111111111111110
000000000000011111111111111111111111110
000000000000001111111111111111111111110
000000000000000111111111111111111111110
000000000000000011111111111111111111110
000000000000000001111111111111111111110
000000000000000000111111111111111111110
000000000000000000011111111111111111110
000000000000000000001111111111111111110
000000000000000000000111111111111111110
000000000000000000000011111111111111110
000000000000000000000001111111111111110
000000000000000000000000111111111111110
000000000000000000000000011111111111110
000000000000000000000000001111111111110
000000000000000000000000000111111111110
000000000000000000000000000011111111110
000000000000000000000000000001111111110
000000000000000000000000000000111111110
000000000000000000000000000000011111110
000000000000000000000000000000001111110
000000000000000000000000000000000111111
000000000000000000000000000000000011110
000000000000000000000000000000000001110
000000000000000000000000000000000000110
000000000000000000000000000000000000010
000000000000000000000000000000000000000
000000000000000000000000000000000000000
Case #35: IMPOSSIBLE
Case #36: POSSIBLE
011111111111111111111111111111111111110
001111111111111111111111111111111111110
000111111111111111111111111111111111110
000011111111111111111111111111111111110
000001111111111111111111111111111111110
000000111111111111111111111111111111110
000000011111111111111111111111111111110
000000001111111111111111111111111111110
000000000111111111111111111111111111110
000000000011111111111111111111111111110
000000000001111111111111111111111111110
000000000000111111111111111111111111110
000000000000011111111111111111111111110
000000000000001111111111111111111111110
000000000000000111111111111111111111110
000000000000000011111111111111111111110
000000000000000001111111111111111111110
000000000000000000111111111111111111110
000000000000000000011111111111111111110
000000000000000000001111111111111111110
000000000000000000000111111111111111110
000000000000000000000011111111111111110
000000000000000000000001111111111111110
000000000000000000000000111111111111110
000000000000000000000000011111111111110
000000000000000000000000001111111111110
000000000000000000000000000111111111110
000000000000000000000000000011111111110
000000000000000000000000000001111111110
000000000000000000000000000000111111110
000000000000000000000000000000011111110
000000000000000000000000000000001111110
000000000000000000000000000000000111111
000000000000000000000000000000000011110
000000000000000000000000000000000001110
000000000000000000000000000000000000110
000000000000000000000000000000000000010
000000000000000000000000000000000000000
000000000000000000000000000000000000000
Case #37: IMPOSSIBLE
Case #38: POSSIBLE
011111111111111111111111111111111111110
001111111111111111111111111111111111110
000111111111111111111111111111111111110
000011111111111111111111111111111111110
000001111111111111111111111111111111110
000000111111111111111111111111111111110
000000011111111111111111111111111111110
000000001111111111111111111111111111110
000000000111111111111111111111111111110
000000000011111111111111111111111111110
000000000001111111111111111111111111110
000000000000111111111111111111111111110
000000000000011111111111111111111111110
000000000000001111111111111111111111110
000000000000000111111111111111111111110
000000000000000011111111111111111111110
000000000000000001111111111111111111110
000000000000000000111111111111111111110
000000000000000000011111111111111111110
000000000000000000001111111111111111110
000000000000000000000111111111111111110
000000000000000000000011111111111111110
000000000000000000000001111111111111110
000000000000000000000000111111111111110
000000000000000000000000011111111111110
000000000000000000000000001111111111110
000000000000000000000000000111111111110
000000000000000000000000000011111111110
000000000000000000000000000001111111110
000000000000000000000000000000111111110
000000000000000000000000000000011111110
000000000000000000000000000000001111110
000000000000000000000000000000000111111
000000000000000000000000000000000011110
000000000000000000000000000000000001110
000000000000000000000000000000000000110
000000000000000000000000000000000000010
000000000000000000000000000000000000000
000000000000000000000000000000000000000
Case #39: IMPOSSIBLE
Case #40: POSSIBLE
011111111111111111111111111111111111110
001111111111111111111111111111111111110
000111111111111111111111111111111111110
000011111111111111111111111111111111110
000001111111111111111111111111111111110
000000111111111111111111111111111111110
000000011111111111111111111111111111110
000000001111111111111111111111111111110
000000000111111111111111111111111111110
000000000011111111111111111111111111110
000000000001111111111111111111111111110
000000000000111111111111111111111111110
000000000000011111111111111111111111110
000000000000001111111111111111111111110
000000000000000111111111111111111111110
000000000000000011111111111111111111110
000000000000000001111111111111111111110
000000000000000000111111111111111111110
000000000000000000011111111111111111110
000000000000000000001111111111111111110
000000000000000000000111111111111111110
000000000000000000000011111111111111110
000000000000000000000001111111111111110
000000000000000000000000111111111111110
000000000000000000000000011111111111110
000000000000000000000000001111111111110
000000000000000000000000000111111111110
000000000000000000000000000011111111110
000000000000000000000000000001111111110
000000000000000000000000000000111111110
000000000000000000000000000000011111110
000000000000000000000000000000001111110
000000000000000000000000000000000111111
000000000000000000000000000000000011110
000000000000000000000000000000000001110
000000000000000000000000000000000000110
000000000000000000000000000000000000010
000000000000000000000000000000000000000
000000000000000000000000000000000000000
Case #41: IMPOSSIBLE
Case #42: POSSIBLE
011111111111111111111111111111111111110
001111111111111111111111111111111111110
000111111111111111111111111111111111110
000011111111111111111111111111111111110
000001111111111111111111111111111111110
000000111111111111111111111111111111110
000000011111111111111111111111111111110
000000001111111111111111111111111111110
000000000111111111111111111111111111110
000000000011111111111111111111111111110
000000000001111111111111111111111111110
000000000000111111111111111111111111110
000000000000011111111111111111111111110
000000000000001111111111111111111111110
000000000000000111111111111111111111110
000000000000000011111111111111111111110
000000000000000001111111111111111111110
000000000000000000111111111111111111110
000000000000000000011111111111111111110
000000000000000000001111111111111111110
000000000000000000000111111111111111110
000000000000000000000011111111111111110
000000000000000000000001111111111111110
000000000000000000000000111111111111110
000000000000000000000000011111111111110
000000000000000000000000001111111111110
000000000000000000000000000111111111110
000000000000000000000000000011111111110
000000000000000000000000000001111111110
000000000000000000000000000000111111110
000000000000000000000000000000011111110
000000000000000000000000000000001111110
000000000000000000000000000000000111111
000000000000000000000000000000000011110
000000000000000000000000000000000001110
000000000000000000000000000000000000110
000000000000000000000000000000000000010
000000000000000000000000000000000000000
000000000000000000000000000000000000000
Case #43: IMPOSSIBLE
Case #44: POSSIBLE
011111111111111111111111111111111111110
001111111111111111111111111111111111110
000111111111111111111111111111111111110
000011111111111111111111111111111111110
000001111111111111111111111111111111110
000000111111111111111111111111111111110
000000011111111111111111111111111111110
000000001111111111111111111111111111110
000000000111111111111111111111111111110
000000000011111111111111111111111111110
000000000001111111111111111111111111110
000000000000111111111111111111111111110
000000000000011111111111111111111111110
000000000000001111111111111111111111110
000000000000000111111111111111111111110
000000000000000011111111111111111111110
000000000000000001111111111111111111110
000000000000000000111111111111111111110
000000000000000000011111111111111111110
000000000000000000001111111111111111110
000000000000000000000111111111111111110
000000000000000000000011111111111111110
000000000000000000000001111111111111110
000000000000000000000000111111111111110
000000000000000000000000011111111111110
000000000000000000000000001111111111110
000000000000000000000000000111111111110
000000000000000000000000000011111111110
000000000000000000000000000001111111110
000000000000000000000000000000111111110
000000000000000000000000000000011111110
000000000000000000000000000000001111110
000000000000000000000000000000000111111
000000000000000000000000000000000011110
000000000000000000000000000000000001110
000000000000000000000000000000000000110
000000000000000000000000000000000000010
000000000000000000000000000000000000000
000000000000000000000000000000000000000
Case #45: IMPOSSIBLE
Case #46: POSSIBLE
011111111111111111111111111111111111110
001111111111111111111111111111111111110
000111111111111111111111111111111111110
000011111111111111111111111111111111110
000001111111111111111111111111111111110
000000111111111111111111111111111111110
000000011111111111111111111111111111110
000000001111111111111111111111111111110
000000000111111111111111111111111111110
000000000011111111111111111111111111110
000000000001111111111111111111111111110
000000000000111111111111111111111111110
000000000000011111111111111111111111110
000000000000001111111111111111111111110
000000000000000111111111111111111111110
000000000000000011111111111111111111110
000000000000000001111111111111111111110
000000000000000000111111111111111111110
000000000000000000011111111111111111110
000000000000000000001111111111111111110
000000000000000000000111111111111111110
000000000000000000000011111111111111110
000000000000000000000001111111111111110
000000000000000000000000111111111111110
000000000000000000000000011111111111110
000000000000000000000000001111111111110
000000000000000000000000000111111111110
000000000000000000000000000011111111110
000000000000000000000000000001111111110
000000000000000000000000000000111111110
000000000000000000000000000000011111110
000000000000000000000000000000001111110
000000000000000000000000000000000111111
000000000000000000000000000000000011110
000000000000000000000000000000000001110
000000000000000000000000000000000000110
000000000000000000000000000000000000010
000000000000000000000000000000000000000
000000000000000000000000000000000000000
Case #47: IMPOSSIBLE
Case #48: POSSIBLE
011111111111111111111111111111111111110
001111111111111111111111111111111111110
000111111111111111111111111111111111110
000011111111111111111111111111111111110
000001111111111111111111111111111111110
000000111111111111111111111111111111110
000000011111111111111111111111111111110
000000001111111111111111111111111111110
000000000111111111111111111111111111110
000000000011111111111111111111111111110
000000000001111111111111111111111111110
000000000000111111111111111111111111110
000000000000011111111111111111111111110
000000000000001111111111111111111111110
000000000000000111111111111111111111110
000000000000000011111111111111111111110
000000000000000001111111111111111111110
000000000000000000111111111111111111110
000000000000000000011111111111111111110
000000000000000000001111111111111111110
000000000000000000000111111111111111110
000000000000000000000011111111111111110
000000000000000000000001111111111111110
000000000000000000000000111111111111110
000000000000000000000000011111111111110
000000000000000000000000001111111111110
000000000000000000000000000111111111110
000000000000000000000000000011111111110
000000000000000000000000000001111111110
000000000000000000000000000000111111110
000000000000000000000000000000011111110
000000000000000000000000000000001111110
000000000000000000000000000000000111111
000000000000000000000000000000000011110
000000000000000000000000000000000001110
000000000000000000000000000000000000110
000000000000000000000000000000000000010
000000000000000000000000000000000000000
000000000000000000000000000000000000000
Case #49: IMPOSSIBLE
Case #50: POSSIBLE
011111111111111111111111111111111111110
001111111111111111111111111111111111110
000111111111111111111111111111111111110
000011111111111111111111111111111111110
000001111111111111111111111111111111110
000000111111111111111111111111111111110
000000011111111111111111111111111111110
000000001111111111111111111111111111110
000000000111111111111111111111111111110
000000000011111111111111111111111111110
000000000001111111111111111111111111110
000000000000111111111111111111111111110
000000000000011111111111111111111111110
000000000000001111111111111111111111110
000000000000000111111111111111111111110
000000000000000011111111111111111111110
000000000000000001111111111111111111110
000000000000000000111111111111111111110
000000000000000000011111111111111111110
000000000000000000001111111111111111110
000000000000000000000111111111111111110
000000000000000000000011111111111111110
000000000000000000000001111111111111110
000000000000000000000000111111111111110
000000000000000000000000011111111111110
000000000000000000000000001111111111110
000000000000000000000000000111111111110
000000000000000000000000000011111111110
000000000000000000000000000001111111110
000000000000000000000000000000111111110
000000000000000000000000000000011111110
000000000000000000000000000000001111110
000000000000000000000000000000000111111
000000000000000000000000000000000011110
000000000000000000000000000000000001110
000000000000000000000000000000000000110
000000000000000000000000000000000000010
000000000000000000000000000000000000000
000000000000000000000000000000000000000
Case #51: IMPOSSIBLE
Case #52: POSSIBLE
011111111111111111111111111111111111110
001111111111111111111111111111111111110
000111111111111111111111111111111111110
000011111111111111111111111111111111110
000001111111111111111111111111111111110
000000111111111111111111111111111111110
000000011111111111111111111111111111110
000000001111111111111111111111111111110
000000000111111111111111111111111111110
000000000011111111111111111111111111110
000000000001111111111111111111111111110
000000000000111111111111111111111111110
000000000000011111111111111111111111110
000000000000001111111111111111111111110
000000000000000111111111111111111111110
000000000000000011111111111111111111110
000000000000000001111111111111111111110
000000000000000000111111111111111111110
000000000000000000011111111111111111110
000000000000000000001111111111111111110
000000000000000000000111111111111111110
000000000000000000000011111111111111110
000000000000000000000001111111111111110
000000000000000000000000111111111111110
000000000000000000000000011111111111110
000000000000000000000000001111111111110
000000000000000000000000000111111111110
000000000000000000000000000011111111110
000000000000000000000000000001111111110
000000000000000000000000000000111111110
000000000000000000000000000000011111110
000000000000000000000000000000001111110
000000000000000000000000000000000111111
000000000000000000000000000000000011110
000000000000000000000000000000000001110
000000000000000000000000000000000000110
000000000000000000000000000000000000010
000000000000000000000000000000000000000
000000000000000000000000000000000000000
Case #53: IMPOSSIBLE
Case #54: POSSIBLE
011111111111111111111111111111111111110
001111111111111111111111111111111111110
000111111111111111111111111111111111110
000011111111111111111111111111111111110
000001111111111111111111111111111111110
000000111111111111111111111111111111110
000000011111111111111111111111111111110
000000001111111111111111111111111111110
000000000111111111111111111111111111110
000000000011111111111111111111111111110
000000000001111111111111111111111111110
000000000000111111111111111111111111110
000000000000011111111111111111111111110
000000000000001111111111111111111111110
000000000000000111111111111111111111110
000000000000000011111111111111111111110
000000000000000001111111111111111111110
000000000000000000111111111111111111110
000000000000000000011111111111111111110
000000000000000000001111111111111111110
000000000000000000000111111111111111110
000000000000000000000011111111111111110
000000000000000000000001111111111111110
000000000000000000000000111111111111110
000000000000000000000000011111111111110
000000000000000000000000001111111111110
000000000000000000000000000111111111110
000000000000000000000000000011111111110
000000000000000000000000000001111111110
000000000000000000000000000000111111110
000000000000000000000000000000011111110
000000000000000000000000000000001111110
000000000000000000000000000000000111111
000000000000000000000000000000000011110
000000000000000000000000000000000001110
000000000000000000000000000000000000110
000000000000000000000000000000000000010
000000000000000000000000000000000000000
000000000000000000000000000000000000000
Case #55: IMPOSSIBLE
Case #56: POSSIBLE
011111111111111111111111111111111111110
001111111111111111111111111111111111110
000111111111111111111111111111111111110
000011111111111111111111111111111111110
000001111111111111111111111111111111110
000000111111111111111111111111111111110
000000011111111111111111111111111111110
000000001111111111111111111111111111110
000000000111111111111111111111111111110
000000000011111111111111111111111111110
000000000001111111111111111111111111110
000000000000111111111111111111111111110
000000000000011111111111111111111111110
000000000000001111111111111111111111110
000000000000000111111111111111111111110
000000000000000011111111111111111111110
000000000000000001111111111111111111110
000000000000000000111111111111111111110
000000000000000000011111111111111111110
000000000000000000001111111111111111110
000000000000000000000111111111111111110
000000000000000000000011111111111111110
000000000000000000000001111111111111110
000000000000000000000000111111111111110
000000000000000000000000011111111111110
000000000000000000000000001111111111110
000000000000000000000000000111111111110
000000000000000000000000000011111111110
000000000000000000000000000001111111110
000000000000000000000000000000111111110
000000000000000000000000000000011111110
000000000000000000000000000000001111110
000000000000000000000000000000000111111
000000000000000000000000000000000011110
000000000000000000000000000000000001110
000000000000000000000000000000000000110
000000000000000000000000000000000000010
000000000000000000000000000000000000000
000000000000000000000000000000000000000
Case #57: IMPOSSIBLE
Case #58: POSSIBLE
011111111111111111111111111111111111110
001111111111111111111111111111111111110
000111111111111111111111111111111111110
000011111111111111111111111111111111110
000001111111111111111111111111111111110
000000111111111111111111111111111111110
000000011111111111111111111111111111110
000000001111111111111111111111111111110
000000000111111111111111111111111111110
000000000011111111111111111111111111110
000000000001111111111111111111111111110
000000000000111111111111111111111111110
000000000000011111111111111111111111110
000000000000001111111111111111111111110
000000000000000111111111111111111111110
000000000000000011111111111111111111110
000000000000000001111111111111111111110
000000000000000000111111111111111111110
000000000000000000011111111111111111110
000000000000000000001111111111111111110
000000000000000000000111111111111111110
000000000000000000000011111111111111110
000000000000000000000001111111111111110
000000000000000000000000111111111111110
000000000000000000000000011111111111110
000000000000000000000000001111111111110
000000000000000000000000000111111111110
000000000000000000000000000011111111110
000000000000000000000000000001111111110
000000000000000000000000000000111111110
000000000000000000000000000000011111110
000000000000000000000000000000001111110
000000000000000000000000000000000111111
000000000000000000000000000000000011110
000000000000000000000000000000000001110
000000000000000000000000000000000000110
000000000000000000000000000000000000010
000000000000000000000000000000000000000
000000000000000000000000000000000000000
Case #59: IMPOSSIBLE
Case #60: POSSIBLE
011111111111111111111111111111111111110
001111111111111111111111111111111111110
000111111111111111111111111111111111110
000011111111111111111111111111111111110
000001111111111111111111111111111111110
000000111111111111111111111111111111110
000000011111111111111111111111111111110
000000001111111111111111111111111111110
000000000111111111111111111111111111110
000000000011111111111111111111111111110
000000000001111111111111111111111111110
000000000000111111111111111111111111110
000000000000011111111111111111111111110
000000000000001111111111111111111111110
000000000000000111111111111111111111110
000000000000000011111111111111111111110
000000000000000001111111111111111111110
000000000000000000111111111111111111110
000000000000000000011111111111111111110
000000000000000000001111111111111111110
000000000000000000000111111111111111110
000000000000000000000011111111111111110
000000000000000000000001111111111111110
000000000000000000000000111111111111110
000000000000000000000000011111111111110
000000000000000000000000001111111111110
000000000000000000000000000111111111110
000000000000000000000000000011111111110
000000000000000000000000000001111111110
000000000000000000000000000000111111110
000000000000000000000000000000011111110
000000000000000000000000000000001111110
000000000000000000000000000000000111111
000000000000000000000000000000000011110
000000000000000000000000000000000001110
000000000000000000000000000000000000110
000000000000000000000000000000000000010
000000000000000000000000000000000000000
000000000000000000000000000000000000000
Case #61: IMPOSSIBLE
Case #62: POSSIBLE
011111111111111111111111111111111111110
001111111111111111111111111111111111110
000111111111111111111111111111111111110
000011111111111111111111111111111111110
000001111111111111111111111111111111110
000000111111111111111111111111111111110
000000011111111111111111111111111111110
000000001111111111111111111111111111110
000000000111111111111111111111111111110
000000000011111111111111111111111111110
000000000001111111111111111111111111110
000000000000111111111111111111111111110
000000000000011111111111111111111111110
000000000000001111111111111111111111110
000000000000000111111111111111111111110
000000000000000011111111111111111111110
000000000000000001111111111111111111110
000000000000000000111111111111111111110
000000000000000000011111111111111111110
000000000000000000001111111111111111110
000000000000000000000111111111111111110
000000000000000000000011111111111111110
000000000000000000000001111111111111110
000000000000000000000000111111111111110
000000000000000000000000011111111111110
000000000000000000000000001111111111110
000000000000000000000000000111111111110
000000000000000000000000000011111111110
000000000000000000000000000001111111110
000000000000000000000000000000111111110
000000000000000000000000000000011111110
000000000000000000000000000000001111110
000000000000000000000000000000000111111
000000000000000000000000000000000011110
000000000000000000000000000000000001110
000000000000000000000000000000000000110
000000000000000000000000000000000000010
000000000000000000000000000000000000000
000000000000000000000000000000000000000
Case #63: IMPOSSIBLE
Case #64: POSSIBLE
011111111111111111111111111111111111110
001111111111111111111111111111111111110
000111111111111111111111111111111111110
000011111111111111111111111111111111110
000001111111111111111111111111111111110
000000111111111111111111111111111111110
000000011111111111111111111111111111110
000000001111111111111111111111111111110
000000000111111111111111111111111111110
000000000011111111111111111111111111110
000000000001111111111111111111111111110
000000000000111111111111111111111111110
000000000000011111111111111111111111110
000000000000001111111111111111111111110
000000000000000111111111111111111111110
000000000000000011111111111111111111110
000000000000000001111111111111111111110
000000000000000000111111111111111111110
000000000000000000011111111111111111110
000000000000000000001111111111111111110
000000000000000000000111111111111111110
000000000000000000000011111111111111110
000000000000000000000001111111111111110
000000000000000000000000111111111111110
000000000000000000000000011111111111110
000000000000000000000000001111111111110
000000000000000000000000000111111111110
000000000000000000000000000011111111110
000000000000000000000000000001111111110
000000000000000000000000000000111111110
000000000000000000000000000000011111110
000000000000000000000000000000001111110
000000000000000000000000000000000111111
000000000000000000000000000000000011110
000000000000000000000000000000000001110
000000000000000000000000000000000000110
000000000000000000000000000000000000010
000000000000000000000000000000000000000
000000000000000000000000000000000000000
Case #65: IMPOSSIBLE
Case #66: POSSIBLE
011111111111111111111111111111111111110
001111111111111111111111111111111111110
000111111111111111111111111111111111110
000011111111111111111111111111111111110
000001111111111111111111111111111111110
000000111111111111111111111111111111110
000000011111111111111111111111111111110
000000001111111111111111111111111111110
000000000111111111111111111111111111110
000000000011111111111111111111111111110
000000000001111111111111111111111111110
000000000000111111111111111111111111110
000000000000011111111111111111111111110
000000000000001111111111111111111111110
000000000000000111111111111111111111110
000000000000000011111111111111111111110
000000000000000001111111111111111111110
000000000000000000111111111111111111110
000000000000000000011111111111111111110
000000000000000000001111111111111111110
000000000000000000000111111111111111110
000000000000000000000011111111111111110
000000000000000000000001111111111111110
000000000000000000000000111111111111110
000000000000000000000000011111111111110
000000000000000000000000001111111111110
000000000000000000000000000111111111110
000000000000000000000000000011111111110
000000000000000000000000000001111111110
000000000000000000000000000000111111110
000000000000000000000000000000011111110
000000000000000000000000000000001111110
000000000000000000000000000000000111111
000000000000000000000000000000000011110
000000000000000000000000000000000001110
000000000000000000000000000000000000110
000000000000000000000000000000000000010
000000000000000000000000000000000000000
000000000000000000000000000000000000000
Case #67: IMPOSSIBLE
Case #68: POSSIBLE
011111111111111111111111111111111111110
001111111111111111111111111111111111110
000111111111111111111111111111111111110
000011111111111111111111111111111111110
000001111111111111111111111111111111110
000000111111111111111111111111111111110
000000011111111111111111111111111111110
000000001111111111111111111111111111110
000000000111111111111111111111111111110
000000000011111111111111111111111111110
000000000001111111111111111111111111110
000000000000111111111111111111111111110
000000000000011111111111111111111111110
000000000000001111111111111111111111110
000000000000000111111111111111111111110
000000000000000011111111111111111111110
000000000000000001111111111111111111110
000000000000000000111111111111111111110
000000000000000000011111111111111111110
000000000000000000001111111111111111110
000000000000000000000111111111111111110
000000000000000000000011111111111111110
000000000000000000000001111111111111110
000000000000000000000000111111111111110
000000000000000000000000011111111111110
000000000000000000000000001111111111110
000000000000000000000000000111111111110
000000000000000000000000000011111111110
000000000000000000000000000001111111110
000000000000000000000000000000111111110
000000000000000000000000000000011111110
000000000000000000000000000000001111110
000000000000000000000000000000000111111
000000000000000000000000000000000011110
000000000000000000000000000000000001110
000000000000000000000000000000000000110
000000000000000000000000000000000000010
000000000000000000000000000000000000000
000000000000000000000000000000000000000
Case #69: IMPOSSIBLE
Case #70: POSSIBLE
011111111111111111111111111111111111110
001111111111111111111111111111111111110
000111111111111111111111111111111111110
000011111111111111111111111111111111110
000001111111111111111111111111111111110
000000111111111111111111111111111111110
000000011111111111111111111111111111110
000000001111111111111111111111111111110
000000000111111111111111111111111111110
000000000011111111111111111111111111110
000000000001111111111111111111111111110
000000000000111111111111111111111111110
000000000000011111111111111111111111110
000000000000001111111111111111111111110
000000000000000111111111111111111111110
000000000000000011111111111111111111110
000000000000000001111111111111111111110
000000000000000000111111111111111111110
000000000000000000011111111111111111110
000000000000000000001111111111111111110
000000000000000000000111111111111111110
000000000000000000000011111111111111110
000000000000000000000001111111111111110
000000000000000000000000111111111111110
000000000000000000000000011111111111110
000000000000000000000000001111111111110
000000000000000000000000000111111111110
000000000000000000000000000011111111110
000000000000000000000000000001111111110
000000000000000000000000000000111111110
000000000000000000000000000000011111110
000000000000000000000000000000001111110
000000000000000000000000000000000111111
000000000000000000000000000000000011110
000000000000000000000000000000000001110
000000000000000000000000000000000000110
000000000000000000000000000000000000010
000000000000000000000000000000000000000
000000000000000000000000000000000000000
Case #71: IMPOSSIBLE
Case #72: POSSIBLE
011111111111111111111111111111111111110
001111111111111111111111111111111111110
000111111111111111111111111111111111110
000011111111111111111111111111111111110
000001111111111111111111111111111111110
000000111111111111111111111111111111110
000000011111111111111111111111111111110
000000001111111111111111111111111111110
000000000111111111111111111111111111110
000000000011111111111111111111111111110
000000000001111111111111111111111111110
000000000000111111111111111111111111110
000000000000011111111111111111111111110
000000000000001111111111111111111111110
000000000000000111111111111111111111110
000000000000000011111111111111111111110
000000000000000001111111111111111111110
000000000000000000111111111111111111110
000000000000000000011111111111111111110
000000000000000000001111111111111111110
000000000000000000000111111111111111110
000000000000000000000011111111111111110
000000000000000000000001111111111111110
000000000000000000000000111111111111110
000000000000000000000000011111111111110
000000000000000000000000001111111111110
000000000000000000000000000111111111110
000000000000000000000000000011111111110
000000000000000000000000000001111111110
000000000000000000000000000000111111110
000000000000000000000000000000011111110
000000000000000000000000000000001111110
000000000000000000000000000000000111111
000000000000000000000000000000000011110
000000000000000000000000000000000001110
000000000000000000000000000000000000110
000000000000000000000000000000000000010
000000000000000000000000000000000000000
000000000000000000000000000000000000000
Case #73: IMPOSSIBLE
Case #74: POSSIBLE
011111111111111111111111111111111111110
001111111111111111111111111111111111110
000111111111111111111111111111111111110
000011111111111111111111111111111111110
000001111111111111111111111111111111110
000000111111111111111111111111111111110
000000011111111111111111111111111111110
000000001111111111111111111111111111110
000000000111111111111111111111111111110
000000000011111111111111111111111111110
000000000001111111111111111111111111110
000000000000111111111111111111111111110
000000000000011111111111111111111111110
000000000000001111111111111111111111110
000000000000000111111111111111111111110
000000000000000011111111111111111111110
000000000000000001111111111111111111110
000000000000000000111111111111111111110
000000000000000000011111111111111111110
000000000000000000001111111111111111110
000000000000000000000111111111111111110
000000000000000000000011111111111111110
000000000000000000000001111111111111110
000000000000000000000000111111111111110
000000000000000000000000011111111111110
000000000000000000000000001111111111110
000000000000000000000000000111111111110
000000000000000000000000000011111111110
000000000000000000000000000001111111110
000000000000000000000000000000111111110
000000000000000000000000000000011111110
000000000000000000000000000000001111110
000000000000000000000000000000000111111
000000000000000000000000000000000011110
000000000000000000000000000000000001110
000000000000000000000000000000000000110
000000000000000000000000000000000000010
000000000000000000000000000000000000000
000000000000000000000000000000000000000
Case #75: IMPOSSIBLE
Case #76: POSSIBLE
011111111111111111111111111111111111110
001111111111111111111111111111111111110
000111111111111111111111111111111111110
000011111111111111111111111111111111110
000001111111111111111111111111111111110
000000111111111111111111111111111111110
000000011111111111111111111111111111110
000000001111111111111111111111111111110
000000000111111111111111111111111111110
000000000011111111111111111111111111110
000000000001111111111111111111111111110
000000000000111111111111111111111111110
000000000000011111111111111111111111110
000000000000001111111111111111111111110
000000000000000111111111111111111111110
000000000000000011111111111111111111110
000000000000000001111111111111111111110
000000000000000000111111111111111111110
000000000000000000011111111111111111110
000000000000000000001111111111111111110
000000000000000000000111111111111111110
000000000000000000000011111111111111110
000000000000000000000001111111111111110
000000000000000000000000111111111111110
000000000000000000000000011111111111110
000000000000000000000000001111111111110
000000000000000000000000000111111111110
000000000000000000000000000011111111110
000000000000000000000000000001111111110
000000000000000000000000000000111111110
000000000000000000000000000000011111110
000000000000000000000000000000001111110
000000000000000000000000000000000111111
000000000000000000000000000000000011110
000000000000000000000000000000000001110
000000000000000000000000000000000000110
000000000000000000000000000000000000010
000000000000000000000000000000000000000
000000000000000000000000000000000000000
Case #77: IMPOSSIBLE
Case #78: POSSIBLE
011111111111111111111111111111111111110
001111111111111111111111111111111111110
000111111111111111111111111111111111110
000011111111111111111111111111111111110
000001111111111111111111111111111111110
000000111111111111111111111111111111110
000000011111111111111111111111111111110
000000001111111111111111111111111111110
000000000111111111111111111111111111110
000000000011111111111111111111111111110
000000000001111111111111111111111111110
000000000000111111111111111111111111110
000000000000011111111111111111111111110
000000000000001111111111111111111111110
000000000000000111111111111111111111110
000000000000000011111111111111111111110
000000000000000001111111111111111111110
000000000000000000111111111111111111110
000000000000000000011111111111111111110
000000000000000000001111111111111111110
000000000000000000000111111111111111110
000000000000000000000011111111111111110
000000000000000000000001111111111111110
000000000000000000000000111111111111110
000000000000000000000000011111111111110
000000000000000000000000001111111111110
000000000000000000000000000111111111110
000000000000000000000000000011111111110
000000000000000000000000000001111111110
000000000000000000000000000000111111110
000000000000000000000000000000011111110
000000000000000000000000000000001111110
000000000000000000000000000000000111111
000000000000000000000000000000000011110
000000000000000000000000000000000001110
000000000000000000000000000000000000110
000000000000000000000000000000000000010
000000000000000000000000000000000000000
000000000000000000000000000000000000000
Case #79: IMPOSSIBLE
Case #80: POSSIBLE
011111111111111111111111111111111111110
001111111111111111111111111111111111110
000111111111111111111111111111111111110
000011111111111111111111111111111111110
000001111111111111111111111111111111110
000000111111111111111111111111111111110
000000011111111111111111111111111111110
000000001111111111111111111111111111110
000000000111111111111111111111111111110
000000000011111111111111111111111111110
000000000001111111111111111111111111110
000000000000111111111111111111111111110
000000000000011111111111111111111111110
000000000000001111111111111111111111110
000000000000000111111111111111111111110
000000000000000011111111111111111111110
000000000000000001111111111111111111110
000000000000000000111111111111111111110
000000000000000000011111111111111111110
000000000000000000001111111111111111110
000000000000000000000111111111111111110
000000000000000000000011111111111111110
000000000000000000000001111111111111110
000000000000000000000000111111111111110
000000000000000000000000011111111111110
000000000000000000000000001111111111110
000000000000000000000000000111111111110
000000000000000000000000000011111111110
000000000000000000000000000001111111110
000000000000000000000000000000111111110
000000000000000000000000000000011111110
000000000000000000000000000000001111110
000000000000000000000000000000000111111
000000000000000000000000000000000011110
000000000000000000000000000000000001110
000000000000000000000000000000000000110
000000000000000000000000000000000000010
000000000000000000000000000000000000000
000000000000000000000000000000000000000
Case #81: IMPOSSIBLE
Case #82: POSSIBLE
011111111111111111111111111111111111110
001111111111111111111111111111111111110
000111111111111111111111111111111111110
000011111111111111111111111111111111110
000001111111111111111111111111111111110
000000111111111111111111111111111111110
000000011111111111111111111111111111110
000000001111111111111111111111111111110
000000000111111111111111111111111111110
000000000011111111111111111111111111110
000000000001111111111111111111111111110
000000000000111111111111111111111111110
000000000000011111111111111111111111110
000000000000001111111111111111111111110
000000000000000111111111111111111111110
000000000000000011111111111111111111110
000000000000000001111111111111111111110
000000000000000000111111111111111111110
000000000000000000011111111111111111110
000000000000000000001111111111111111110
000000000000000000000111111111111111110
000000000000000000000011111111111111110
000000000000000000000001111111111111110
000000000000000000000000111111111111110
000000000000000000000000011111111111110
000000000000000000000000001111111111110
000000000000000000000000000111111111110
000000000000000000000000000011111111110
000000000000000000000000000001111111110
000000000000000000000000000000111111110
000000000000000000000000000000011111110
000000000000000000000000000000001111110
000000000000000000000000000000000111111
000000000000000000000000000000000011110
000000000000000000000000000000000001110
000000000000000000000000000000000000110
000000000000000000000000000000000000010
000000000000000000000000000000000000000
000000000000000000000000000000000000000
Case #83: IMPOSSIBLE
Case #84: POSSIBLE
011111111111111111111111111111111111110
001111111111111111111111111111111111110
000111111111111111111111111111111111110
000011111111111111111111111111111111110
000001111111111111111111111111111111110
000000111111111111111111111111111111110
000000011111111111111111111111111111110
000000001111111111111111111111111111110
000000000111111111111111111111111111110
000000000011111111111111111111111111110
000000000001111111111111111111111111110
000000000000111111111111111111111111110
000000000000011111111111111111111111110
000000000000001111111111111111111111110
000000000000000111111111111111111111110
000000000000000011111111111111111111110
000000000000000001111111111111111111110
000000000000000000111111111111111111110
000000000000000000011111111111111111110
000000000000000000001111111111111111110
000000000000000000000111111111111111110
000000000000000000000011111111111111110
000000000000000000000001111111111111110
000000000000000000000000111111111111110
000000000000000000000000011111111111110
000000000000000000000000001111111111110
000000000000000000000000000111111111110
000000000000000000000000000011111111110
000000000000000000000000000001111111110
000000000000000000000000000000111111110
000000000000000000000000000000011111110
000000000000000000000000000000001111110
000000000000000000000000000000000111111
000000000000000000000000000000000011110
000000000000000000000000000000000001110
000000000000000000000000000000000000110
000000000000000000000000000000000000010
000000000000000000000000000000000000000
000000000000000000000000000000000000000
Case #85: IMPOSSIBLE
Case #86: POSSIBLE
011111111111111111111111111111111111110
001111111111111111111111111111111111110
000111111111111111111111111111111111110
000011111111111111111111111111111111110
000001111111111111111111111111111111110
000000111111111111111111111111111111110
000000011111111111111111111111111111110
000000001111111111111111111111111111110
000000000111111111111111111111111111110
000000000011111111111111111111111111110
000000000001111111111111111111111111110
000000000000111111111111111111111111110
000000000000011111111111111111111111110
000000000000001111111111111111111111110
000000000000000111111111111111111111110
000000000000000011111111111111111111110
000000000000000001111111111111111111110
000000000000000000111111111111111111110
000000000000000000011111111111111111110
000000000000000000001111111111111111110
000000000000000000000111111111111111110
000000000000000000000011111111111111110
000000000000000000000001111111111111110
000000000000000000000000111111111111110
000000000000000000000000011111111111110
000000000000000000000000001111111111110
000000000000000000000000000111111111110
000000000000000000000000000011111111110
000000000000000000000000000001111111110
000000000000000000000000000000111111110
000000000000000000000000000000011111110
000000000000000000000000000000001111110
000000000000000000000000000000000111111
000000000000000000000000000000000011110
000000000000000000000000000000000001110
000000000000000000000000000000000000110
000000000000000000000000000000000000010
000000000000000000000000000000000000000
000000000000000000000000000000000000000
Case #87: IMPOSSIBLE
Case #88: POSSIBLE
011111111111111111111111111111111111110
001111111111111111111111111111111111110
000111111111111111111111111111111111110
000011111111111111111111111111111111110
000001111111111111111111111111111111110
000000111111111111111111111111111111110
000000011111111111111111111111111111110
000000001111111111111111111111111111110
000000000111111111111111111111111111110
000000000011111111111111111111111111110
000000000001111111111111111111111111110
000000000000111111111111111111111111110
000000000000011111111111111111111111110
000000000000001111111111111111111111110
000000000000000111111111111111111111110
000000000000000011111111111111111111110
000000000000000001111111111111111111110
000000000000000000111111111111111111110
000000000000000000011111111111111111110
000000000000000000001111111111111111110
000000000000000000000111111111111111110
000000000000000000000011111111111111110
000000000000000000000001111111111111110
000000000000000000000000111111111111110
000000000000000000000000011111111111110
000000000000000000000000001111111111110
000000000000000000000000000111111111110
000000000000000000000000000011111111110
000000000000000000000000000001111111110
000000000000000000000000000000111111110
000000000000000000000000000000011111110
000000000000000000000000000000001111110
000000000000000000000000000000000111111
000000000000000000000000000000000011110
000000000000000000000000000000000001110
000000000000000000000000000000000000110
000000000000000000000000000000000000010
000000000000000000000000000000000000000
000000000000000000000000000000000000000
Case #89: IMPOSSIBLE
Case #90: POSSIBLE
011111111111111111111111111111111111110
001111111111111111111111111111111111110
000111111111111111111111111111111111110
000011111111111111111111111111111111110
000001111111111111111111111111111111110
000000111111111111111111111111111111110
000000011111111111111111111111111111110
000000001111111111111111111111111111110
000000000111111111111111111111111111110
000000000011111111111111111111111111110
000000000001111111111111111111111111110
000000000000111111111111111111111111110
000000000000011111111111111111111111110
000000000000001111111111111111111111110
000000000000000111111111111111111111110
000000000000000011111111111111111111110
000000000000000001111111111111111111110
000000000000000000111111111111111111110
000000000000000000011111111111111111110
000000000000000000001111111111111111110
000000000000000000000111111111111111110
000000000000000000000011111111111111110
000000000000000000000001111111111111110
000000000000000000000000111111111111110
000000000000000000000000011111111111110
000000000000000000000000001111111111110
000000000000000000000000000111111111110
000000000000000000000000000011111111110
000000000000000000000000000001111111110
000000000000000000000000000000111111110
000000000000000000000000000000011111110
000000000000000000000000000000001111110
000000000000000000000000000000000111111
000000000000000000000000000000000011110
000000000000000000000000000000000001110
000000000000000000000000000000000000110
000000000000000000000000000000000000010
000000000000000000000000000000000000000
000000000000000000000000000000000000000
Case #91: IMPOSSIBLE
Case #92: POSSIBLE
011111111111111111111111111111111111110
001111111111111111111111111111111111110
000111111111111111111111111111111111110
000011111111111111111111111111111111110
000001111111111111111111111111111111110
000000111111111111111111111111111111110
000000011111111111111111111111111111110
000000001111111111111111111111111111110
000000000111111111111111111111111111110
000000000011111111111111111111111111110
000000000001111111111111111111111111110
000000000000111111111111111111111111110
000000000000011111111111111111111111110
000000000000001111111111111111111111110
000000000000000111111111111111111111110
000000000000000011111111111111111111110
000000000000000001111111111111111111110
000000000000000000111111111111111111110
000000000000000000011111111111111111110
000000000000000000001111111111111111110
000000000000000000000111111111111111110
000000000000000000000011111111111111110
000000000000000000000001111111111111110
000000000000000000000000111111111111110
000000000000000000000000011111111111110
000000000000000000000000001111111111110
000000000000000000000000000111111111110
000000000000000000000000000011111111110
000000000000000000000000000001111111110
000000000000000000000000000000111111110
000000000000000000000000000000011111110
000000000000000000000000000000001111110
000000000000000000000000000000000111111
000000000000000000000000000000000011110
000000000000000000000000000000000001110
000000000000000000000000000000000000110
000000000000000000000000000000000000010
000000000000000000000000000000000000000
000000000000000000000000000000000000000
Case #93: IMPOSSIBLE
Case #94: POSSIBLE
011111111111111111111111111111111111110
001111111111111111111111111111111111110
000111111111111111111111111111111111110
000011111111111111111111111111111111110
000001111111111111111111111111111111110
000000111111111111111111111111111111110
000000011111111111111111111111111111110
000000001111111111111111111111111111110
000000000111111111111111111111111111110
000000000011111111111111111111111111110
000000000001111111111111111111111111110
000000000000111111111111111111111111110
000000000000011111111111111111111111110
000000000000001111111111111111111111110
000000000000000111111111111111111111110
000000000000000011111111111111111111110
000000000000000001111111111111111111110
000000000000000000111111111111111111110
000000000000000000011111111111111111110
000000000000000000001111111111111111110
000000000000000000000111111111111111110
000000000000000000000011111111111111110
000000000000000000000001111111111111110
000000000000000000000000111111111111110
000000000000000000000000011111111111110
000000000000000000000000001111111111110
000000000000000000000000000111111111110
000000000000000000000000000011111111110
000000000000000000000000000001111111110
000000000000000000000000000000111111110
000000000000000000000000000000011111110
000000000000000000000000000000001111110
000000000000000000000000000000000111111
000000000000000000000000000000000011110
000000000000000000000000000000000001110
000000000000000000000000000000000000110
000000000000000000000000000000000000010
000000000000000000000000000000000000000
000000000000000000000000000000000000000
Case #95: IMPOSSIBLE
Case #96: POSSIBLE
011111111111111111111111111111111111110
001111111111111111111111111111111111110
000111111111111111111111111111111111110
000011111111111111111111111111111111110
000001111111111111111111111111111111110
000000111111111111111111111111111111110
000000011111111111111111111111111111110
000000001111111111111111111111111111110
000000000111111111111111111111111111110
000000000011111111111111111111111111110
000000000001111111111111111111111111110
000000000000111111111111111111111111110
000000000000011111111111111111111111110
000000000000001111111111111111111111110
000000000000000111111111111111111111110
000000000000000011111111111111111111110
000000000000000001111111111111111111110
000000000000000000111111111111111111110
000000000000000000011111111111111111110
000000000000000000001111111111111111110
000000000000000000000111111111111111110
000000000000000000000011111111111111110
000000000000000000000001111111111111110
000000000000000000000000111111111111110
000000000000000000000000011111111111110
000000000000000000000000001111111111110
000000000000000000000000000111111111110
000000000000000000000000000011111111110
000000000000000000000000000001111111110
000000000000000000000000000000111111110
000000000000000000000000000000011111110
000000000000000000000000000000001111110
000000000000000000000000000000000111111
000000000000000000000000000000000011110
000000000000000000000000000000000001110
000000000000000000000000000000000000110
000000000000000000000000000000000000010
000000000000000000000000000000000000000
000000000000000000000000000000000000000
Case #97: IMPOSSIBLE
Case #98: POSSIBLE
011111111111111111111111111111111111110
001111111111111111111111111111111111110
000111111111111111111111111111111111110
000011111111111111111111111111111111110
000001111111111111111111111111111111110
000000111111111111111111111111111111110
000000011111111111111111111111111111110
000000001111111111111111111111111111110
000000000111111111111111111111111111110
000000000011111111111111111111111111110
000000000001111111111111111111111111110
000000000000111111111111111111111111110
000000000000011111111111111111111111110
000000000000001111111111111111111111110
000000000000000111111111111111111111110
000000000000000011111111111111111111110
000000000000000001111111111111111111110
000000000000000000111111111111111111110
000000000000000000011111111111111111110
000000000000000000001111111111111111110
000000000000000000000111111111111111110
000000000000000000000011111111111111110
000000000000000000000001111111111111110
000000000000000000000000111111111111110
000000000000000000000000011111111111110
000000000000000000000000001111111111110
000000000000000000000000000111111111110
000000000000000000000000000011111111110
000000000000000000000000000001111111110
000000000000000000000000000000111111110
000000000000000000000000000000011111110
000000000000000000000000000000001111110
000000000000000000000000000000000111111
000000000000000000000000000000000011110
000000000000000000000000000000000001110
000000000000000000000000000000000000110
000000000000000000000000000000000000010
000000000000000000000000000000000000000
000000000000000000000000000000000000000
Case #99: IMPOSSIBLE
Case #100: POSSIBLE
011111111111111111111111111111111111110
001111111111111111111111111111111111110
000111111111111111111111111111111111110
000011111111111111111111111111111111110
000001111111111111111111111111111111110
000000111111111111111111111111111111110
000000011111111111111111111111111111110
000000001111111111111111111111111111110
000000000111111111111111111111111111110
000000000011111111111111111111111111110
000000000001111111111111111111111111110
000000000000111111111111111111111111110
000000000000011111111111111111111111110
000000000000001111111111111111111111110
000000000000000111111111111111111111110
000000000000000011111111111111111111110
000000000000000001111111111111111111110
000000000000000000111111111111111111110
000000000000000000011111111111111111110
000000000000000000001111111111111111110
000000000000000000000111111111111111110
000000000000000000000011111111111111110
000000000000000000000001111111111111110
000000000000000000000000111111111111110
000000000000000000000000011111111111110
000000000000000000000000001111111111110
000000000000000000000000000111111111110
000000000000000000000000000011111111110
000000000000000000000000000001111111110
000000000000000000000000000000111111110
000000000000000000000000000000011111110
000000000000000000000000000000001111110
000000000000000000000000000000000111111
000000000000000000000000000000000011110
000000000000000000000000000000000001110
000000000000000000000000000000000000110
000000000000000000000000000000000000010
000000000000000000000000000000000000000
000000000000000000000000000000000000000
